lid velocity = 0.0625, prandtl # = 1, grashof # = 1
  0 SNES Function norm 2.391552133017e-01 
    0 KSP Residual norm 4.368896006331e-01 
    1 KSP Residual norm 2.475049454888e-02 
    2 KSP Residual norm 1.045618491661e-02 
    3 KSP Residual norm 5.965584410542e-03 
    4 KSP Residual norm 1.302204512542e-03 
    5 KSP Residual norm 3.398473313915e-04 
    6 KSP Residual norm 1.304713271146e-04 
    7 KSP Residual norm 3.399962519989e-05 
    8 KSP Residual norm 1.379081503066e-06 
  1 SNES Function norm 7.158879645345e-05 
    0 KSP Residual norm 2.931799749097e-05 
    1 KSP Residual norm 7.278847441902e-06 
    2 KSP Residual norm 2.082197929520e-06 
    3 KSP Residual norm 8.059859678995e-07 
    4 KSP Residual norm 2.222795218452e-07 
    5 KSP Residual norm 6.924363817569e-08 
    6 KSP Residual norm 3.013261090315e-08 
    7 KSP Residual norm 9.565132290701e-09 
    8 KSP Residual norm 1.402794472612e-09 
    9 KSP Residual norm 1.945856841397e-10 
  2 SNES Function norm 5.177388041546e-10 
SNES Object: 16 MPI processes
  type: newtonls
  maximum iterations=50, maximum function evaluations=10000
  tolerances: relative=1e-08, absolute=1e-50, solution=1e-08
  total number of linear solver iterations=17
  total number of function evaluations=3
  SNESLineSearch Object:   16 MPI processes
    type: bt
      interpolation: cubic
      alpha=1.000000e-04
    maxstep=1.000000e+08, minlambda=1.000000e-12
    tolerances: relative=1.000000e-08, absolute=1.000000e-15, lambda=1.000000e-08
    maximum iterations=40
  KSP Object:   16 MPI processes
    type: gmres
      GMRES: restart=30, using Classical (unmodified) Gram-Schmidt Orthogonalization with no iterative refinement
      GMRES: happy breakdown tolerance 1e-30
    maximum iterations=10000, initial guess is zero
    tolerances:  relative=1e-05, absolute=1e-50, divergence=10000
    left preconditioning
    using PRECONDITIONED norm type for convergence test
  PC Object:   16 MPI processes
    type: mg
      MG: type is MULTIPLICATIVE, levels=1 cycles=v
        Cycles per PCApply=1
        Not using Galerkin computed coarse grid matrices
    Coarse grid solver -- level -------------------------------
      KSP Object:      (mg_levels_0_)       16 MPI processes
        type: chebyshev
          Chebyshev: eigenvalue estimates:  min = 0.176663, max = 1.94329
          Chebyshev: estimated using:  [0 0.1; 0 1.1]
          KSP Object:          (mg_levels_0_est_)           16 MPI processes
            type: gmres
              GMRES: restart=30, using Classical (unmodified) Gram-Schmidt Orthogonalization with no iterative refinement
              GMRES: happy breakdown tolerance 1e-30
            maximum iterations=10, initial guess is zero
            tolerances:  relative=1e-05, absolute=1e-50, divergence=10000
            left preconditioning
            using NONE norm type for convergence test
          PC Object:          (mg_levels_0_)           16 MPI processes
            type: sor
              SOR: type = local_symmetric, iterations = 1, local iterations = 1, omega = 1
            linear system matrix = precond matrix:
            Matrix Object:             16 MPI processes
              type: mpiaij
              rows=64, cols=64, bs=4
              total: nonzeros=1024, allocated nonzeros=1024
              total number of mallocs used during MatSetValues calls =0
        maximum iterations=1, initial guess is zero
        tolerances:  relative=1e-05, absolute=1e-50, divergence=10000
        left preconditioning
        using NONE norm type for convergence test
      PC Object:      (mg_levels_0_)       16 MPI processes
        type: sor
          SOR: type = local_symmetric, iterations = 1, local iterations = 1, omega = 1
        linear system matrix = precond matrix:
        Matrix Object:         16 MPI processes
          type: mpiaij
          rows=64, cols=64, bs=4
          total: nonzeros=1024, allocated nonzeros=1024
          total number of mallocs used during MatSetValues calls =0
    linear system matrix = precond matrix:
    Matrix Object:     16 MPI processes
      type: mpiaij
      rows=64, cols=64, bs=4
      total: nonzeros=1024, allocated nonzeros=1024
      total number of mallocs used during MatSetValues calls =0
Number of SNES iterations = 2
