lid velocity = 0.0625, prandtl # = 1, grashof # = 1
Number of SNES iterations = 2
************************************************************************************************************************
***             WIDEN YOUR WINDOW TO 120 CHARACTERS.  Use 'enscript -r -fCourier9' to print this document            ***
************************************************************************************************************************

---------------------------------------------- PETSc Performance Summary: ----------------------------------------------

ex19 on a arch-fastmath named Q02-I1-J07.vesta.itd with 16 processors, by balay Wed Jul 31 22:21:08 2013
Using Petsc Release Version 3.4.2, unknown 

                         Max       Max/Min        Avg      Total 
Time (sec):           3.149e-02      1.00000   3.149e-02
Objects:              1.020e+02      1.00000   1.020e+02
Flops:                1.314e+04      1.16799   1.219e+04  1.951e+05
Flops/sec:            4.173e+05      1.16799   3.872e+05  6.196e+06
MPI Messages:         3.290e+02      2.00000   2.469e+02  3.951e+03
MPI Message Lengths:  7.764e+03      2.00000   2.358e+01  9.318e+04
MPI Reductions:       2.490e+02      1.00000

Flop counting convention: 1 flop = 1 real number operation of type (multiply/divide/add/subtract)
                            e.g., VecAXPY() for real vectors of length N --> 2N flops
                            and VecAXPY() for complex vectors of length N --> 8N flops

Summary of Stages:   ----- Time ------  ----- Flops -----  --- Messages ---  -- Message Lengths --  -- Reductions --
                        Avg     %Total     Avg     %Total   counts   %Total     Avg         %Total   counts   %Total 
 0:      Main Stage: 3.1484e-02 100.0%  1.9510e+05 100.0%  3.951e+03 100.0%  2.358e+01      100.0%  2.480e+02  99.6% 

------------------------------------------------------------------------------------------------------------------------
See the 'Profiling' chapter of the users' manual for details on interpreting output.
Phase summary info:
   Count: number of times phase was executed
   Time and Flops: Max - maximum over all processors
                   Ratio - ratio of maximum to minimum over all processors
   Mess: number of messages sent
   Avg. len: average message length (bytes)
   Reduct: number of global reductions
   Global: entire computation
   Stage: stages of a computation. Set stages with PetscLogStagePush() and PetscLogStagePop().
      %T - percent time in this phase         %f - percent flops in this phase
      %M - percent messages in this phase     %L - percent message lengths in this phase
      %R - percent reductions in this phase
   Total Mflop/s: 10e-6 * (sum of flops over all processors)/(max time over all processors)
------------------------------------------------------------------------------------------------------------------------
Event                Count      Time (sec)     Flops                             --- Global ---  --- Stage ---   Total
                   Max Ratio  Max     Ratio   Max  Ratio  Mess   Avg len Reduct  %T %f %M %L %R  %T %f %M %L %R Mflop/s
------------------------------------------------------------------------------------------------------------------------

--- Event Stage 0: Main Stage

SNESSolve              1 1.0 1.9215e-02 1.0 1.31e+04 1.2 3.8e+03 2.4e+01 2.1e+02 61100 95 99 83  61100 95 99 83    10
SNESFunctionEval       3 1.0 2.5797e-04 1.1 2.52e+02 1.0 1.4e+02 2.0e+01 2.0e+00  1  2  4  3  1   1  2  4  3  1    16
SNESJacobianEval       2 1.0 7.8549e-03 1.0 3.86e+03 1.0 2.2e+03 2.0e+01 7.9e+01 25 32 56 48 32  25 32 56 48 32     8
SNESLineSearch         2 1.0 4.7779e-04 1.0 5.62e+02 1.3 1.9e+02 2.6e+01 8.0e+00  2  4  5  5  3   2  4  5  5  3    17
VecDot                 2 1.0 6.1989e-05 1.9 1.40e+01 1.0 0.0e+00 0.0e+00 2.0e+00  0  0  0  0  1   0  0  0  0  1     4
VecMDot               27 1.0 8.9312e-04 1.8 1.39e+03 1.0 0.0e+00 0.0e+00 2.7e+01  2 11  0  0 11   2 11  0  0 11    25
VecNorm               34 1.0 5.8532e-04 1.1 2.72e+02 1.0 0.0e+00 0.0e+00 3.4e+01  2  2  0  0 14   2  2  0  0 14     7
VecScale              29 1.0 9.4175e-05 1.1 1.16e+02 1.0 0.0e+00 0.0e+00 0.0e+00  0  1  0  0  0   0  1  0  0  0    20
VecCopy               46 1.0 1.3566e-04 1.1 0.00e+00 0.0 0.0e+00 0.0e+00 0.0e+00  0  0  0  0  0   0  0  0  0  0     0
VecSet                35 1.0 8.2254e-05 1.1 0.00e+00 0.0 0.0e+00 0.0e+00 0.0e+00  0  0  0  0  0   0  0  0  0  0     0
VecAXPY               42 1.0 1.1611e-04 1.2 3.36e+02 1.0 0.0e+00 0.0e+00 0.0e+00  0  3  0  0  0   0  3  0  0  0    46
VecWAXPY               2 1.0 5.9605e-06 1.5 8.00e+00 1.0 0.0e+00 0.0e+00 0.0e+00  0  0  0  0  0   0  0  0  0  0    21
VecMAXPY              29 1.0 1.0824e-04 1.1 1.80e+03 1.0 0.0e+00 0.0e+00 0.0e+00  0 15  0  0  0   0 15  0  0  0   266
VecScatterBegin       76 1.0 1.5910e-03 1.4 0.00e+00 0.0 3.6e+03 2.5e+01 0.0e+00  4  0 92 97  0   4  0 92 97  0     0
VecScatterEnd         76 1.0 1.8263e-03 1.0 0.00e+00 0.0 0.0e+00 0.0e+00 0.0e+00  6  0  0  0  0   6  0  0  0  0     0
VecReduceArith         5 1.0 1.8120e-05 1.3 3.50e+01 1.0 0.0e+00 0.0e+00 0.0e+00  0  0  0  0  0   0  0  0  0  0    31
VecReduceComm          3 1.0 7.2241e-05 1.3 0.00e+00 0.0 0.0e+00 0.0e+00 3.0e+00  0  0  0  0  1   0  0  0  0  1     0
VecNormalize          29 1.0 7.6509e-04 1.0 3.48e+02 1.0 0.0e+00 0.0e+00 2.9e+01  2  3  0  0 12   2  3  0  0 12     7
MatMult               29 1.0 1.6186e-03 1.3 4.52e+03 1.7 1.4e+03 3.2e+01 0.0e+00  4 29 35 48  0   4 29 35 48  0    36
MatSolve              29 1.0 1.5712e-04 1.1 8.12e+02 1.0 0.0e+00 0.0e+00 0.0e+00  0  7  0  0  0   0  7  0  0  0    83
MatLUFactorNum         2 1.0 5.4836e-05 1.0 5.80e+01 2.4 0.0e+00 0.0e+00 0.0e+00  0  0  0  0  0   0  0  0  0  0    11
MatILUFactorSym        1 1.0 9.3937e-05 1.0 0.00e+00 0.0 0.0e+00 0.0e+00 1.0e+00  0  0  0  0  0   0  0  0  0  0     0
MatAssemblyBegin       3 1.0 3.3283e-04 1.9 0.00e+00 0.0 0.0e+00 0.0e+00 6.0e+00  1  0  0  0  2   1  0  0  0  2     0
MatAssemblyEnd         3 1.0 6.4898e-04 1.0 0.00e+00 0.0 9.6e+01 1.0e+01 8.0e+00  2  0  2  1  3   2  0  2  1  3     0
MatGetRowIJ            1 1.0 2.8610e-06 1.0 0.00e+00 0.0 0.0e+00 0.0e+00 0.0e+00  0  0  0  0  0   0  0  0  0  0     0
MatGetOrdering         1 1.0 1.8811e-04 1.0 0.00e+00 0.0 0.0e+00 0.0e+00 4.0e+00  1  0  0  0  2   1  0  0  0  2     0
MatZeroEntries         2 1.0 1.0967e-05 1.2 0.00e+00 0.0 0.0e+00 0.0e+00 0.0e+00  0  0  0  0  0   0  0  0  0  0     0
MatFDColorCreate       1 1.0 3.8152e-03 1.0 0.00e+00 0.0 9.6e+01 1.0e+01 7.1e+01 12  0  2  1 29  12  0  2  1 29     0
MatFDColorApply        2 1.0 3.8152e-03 1.0 3.86e+03 1.0 2.1e+03 2.1e+01 7.0e+00 12 32 53 47  3  12 32 53 47  3    16
MatFDColorFunc        42 1.0 2.7142e-03 1.0 3.53e+03 1.0 2.0e+03 2.0e+01 0.0e+00  9 29 51 43  0   9 29 51 43  0    21
KSPGMRESOrthog        27 1.0 1.1523e-03 1.5 2.97e+03 1.0 0.0e+00 0.0e+00 2.7e+01  3 24  0  0 11   3 24  0  0 11    41
KSPSetUp               4 1.0 8.4186e-04 1.0 0.00e+00 0.0 0.0e+00 0.0e+00 1.0e+01  3  0  0  0  4   3  0  0  0  4     0
KSPSolve               2 1.0 1.0202e-02 1.0 8.63e+03 1.3 1.3e+03 3.2e+01 1.1e+02 32 64 33 45 45  32 64 33 45 46    12
PCSetUp                4 1.0 8.2088e-04 1.0 5.80e+01 2.4 0.0e+00 0.0e+00 7.0e+00  3  0  0  0  3   3  0  0  0  3     1
PCSetUpOnBlocks        2 1.0 4.9400e-04 1.0 5.80e+01 2.4 0.0e+00 0.0e+00 5.0e+00  2  0  0  0  2   2  0  0  0  2     1
PCApply               29 1.0 1.8578e-03 1.0 8.12e+02 1.0 0.0e+00 0.0e+00 0.0e+00  6  7  0  0  0   6  7  0  0  0     7
------------------------------------------------------------------------------------------------------------------------

Memory usage is given in bytes:

Object Type          Creations   Destructions     Memory  Descendants' Mem.
Reports information only for process 0.

--- Event Stage 0: Main Stage

                SNES     1              1         1308     0
      SNESLineSearch     1              1          856     0
              DMSNES     1              1          664     0
              Vector    44             44        68960     0
      Vector Scatter     4              4         4208     0
              Matrix     4              4        11428     0
  Matrix FD Coloring     1              1         1692     0
    Distributed Mesh     1              1         5024     0
     Bipartite Graph     2              2         1584     0
           Index Set    34             34        25944     0
   IS L to G Mapping     3              3         1804     0
       Krylov Solver     2              2        19504     0
     DMKSP interface     1              1          648     0
      Preconditioner     2              2         1848     0
              Viewer     1              0            0     0
========================================================================================================================
Average time to get PetscTime(): 5.96046e-07
Average time for MPI_Barrier(): 2.19345e-06
Average time for zero size MPI_Send(): 7.55489e-06
#PETSc Option Table entries:
-dm_refine 6
-log_summary
#End of PETSc Option Table entries
Compiled without FORTRAN kernels
Compiled with full precision matrices (default)
sizeof(short) 2 sizeof(int) 4 sizeof(long) 8 sizeof(void*) 8 sizeof(PetscScalar) 8 sizeof(PetscInt) 4
Configure run at: Wed Jul 31 16:13:30 2013
Configure options: PETSC_ARCH=arch-fastmath --prefix=/gpfs/vesta-fs0/projects/FASTMath/install/petsc/3.4.2.1/linux-rhel_6-ppc64-gcc-4.4.6 --with-cmake=/gpfs/vesta-fs0/projects/FASTMath/install/cmake/2.8.11.1/linux-rhel_6-ppc64-gcc-4.4.6/bin/cmake --with-blas-lib=/gpfs/vesta-fs0/projects/FASTMath/install/blas/19Apr11/linux-rhel_6-ppc64-gcc-4.4.6/lib/libblas.a --with-lapack-lib=/gpfs/vesta-fs0/projects/FASTMath/install/lapack/3.4.2/linux-rhel_6-ppc64-gcc-4.4.6/lib/liblapack.a --with-metis-dir=/gpfs/vesta-fs0/projects/FASTMath/install/metis/5.1.0/linux-rhel_6-ppc64-gcc-4.4.6 --with-parmetis-dir=/gpfs/vesta-fs0/projects/FASTMath/install/parmetis/4.0.3/linux-rhel_6-ppc64-gcc-4.4.6 --with-hdf5-dir=/gpfs/vesta-fs0/projects/FASTMath/install/hdf5/1.8.11/linux-rhel_6-ppc64-gcc-4.4.6 --with-superlu_dist-include=/gpfs/vesta-fs0/projects/FASTMath/install/superlu/dist-3.3/linux-rhel_6-ppc64-gcc-4.4.6/include --with-superlu_dist-lib="-L/gpfs/vesta-fs0/projects/FASTMath/install/superlu/dist-3.3/linux-rhel_6-ppc64-gcc-4.4.6/lib -lsuperlu" --with-zoltan-dir=/gpfs/vesta-fs0/projects/FASTMath/install/zoltan/trilinos-11.2.4/linux-rhel_6-ppc64-gcc-4.4.6 --with-moab-include=/gpfs/vesta-fs0/projects/FASTMath/install/moab/4.6.0/linux-rhel_6-ppc64-gcc-4.4.6/include --with-moab-lib="-L/gpfs/vesta-fs0/projects/FASTMath/install/moab/4.6.0/linux-rhel_6-ppc64-gcc-4.4.6/lib -lMOAB -L/gpfs/vesta-fs0/projects/FASTMath/install/cgma/12.2.0/linux-rhel_6-ppc64-gcc-4.4.6/lib -lcgm -L/gpfs/vesta-fs0/projects/FASTMath/install/zoltan/trilinos-11.2.4/linux-rhel_6-ppc64-gcc-4.4.6/lib -lzoltan -L/gpfs/vesta-fs0/projects/FASTMath/install/parmetis/4.0.3/linux-rhel_6-ppc64-gcc-4.4.6/lib -lparmetis -lmetis -L/gpfs/vesta-fs0/projects/FASTMath/install/hdf5/1.8.11/linux-rhel_6-ppc64-gcc-4.4.6/lib -lhdf5" --with-ml-include=/gpfs/vesta-fs0/projects/FASTMath/install/ml/trilinos-11.2.4/linux-rhel_6-ppc64-gcc-4.4.6/include --with-ml-lib="-L/gpfs/vesta-fs0/projects/FASTMath/install/ml/trilinos-11.2.4/linux-rhel_6-ppc64-gcc-4.4.6/lib -lml -L/gpfs/vesta-fs0/projects/FASTMath/install/parmetis/4.0.3/linux-rhel_6-ppc64-gcc-4.4.6/lib -lparmetis -lmetis" --with-hypre-dir=/gpfs/vesta-fs0/projects/FASTMath/install/hypre/2.9.2a/linux-rhel_6-ppc64-gcc-4.4.6 --with-netcdf-dir=/gpfs/vesta-fs0/projects/FASTMath/install/netcdf/4.3.0/linux-rhel_6-ppc64-gcc-4.4.6 --download-chaco --download-exodusii --with-shared-libraries=0 --with-debugging=0 COPTFLAGS="-g -O2" FOPTFLAGS="-g -O2" CXXOPTFLAGS="-g -O2" --with-etags=0
-----------------------------------------
Libraries compiled on Wed Jul 31 16:13:30 2013 on vestalac1 
Machine characteristics: Linux-2.6.32-358.6.2.el6.ppc64-ppc64-with-redhat-6.3-Santiago
Using PETSc directory: /home/balay/petsc
Using PETSc arch: arch-fastmath
-----------------------------------------

Using C compiler: mpicc  -Wall -Wwrite-strings -Wno-strict-aliasing -Wno-unknown-pragmas -g -O2  ${COPTFLAGS} ${CFLAGS}
Using Fortran compiler: mpif90  -Wall -Wno-unused-variable -g -O2   ${FOPTFLAGS} ${FFLAGS} 
-----------------------------------------

Using include paths: -I/home/balay/petsc/arch-fastmath/include -I/home/balay/petsc/include -I/home/balay/petsc/include -I/home/balay/petsc/arch-fastmath/include -I/gpfs/vesta-fs0/projects/FASTMath/install/superlu/dist-3.3/linux-rhel_6-ppc64-gcc-4.4.6/include -I/gpfs/vesta-fs0/projects/FASTMath/install/hypre/2.9.2a/linux-rhel_6-ppc64-gcc-4.4.6/include -I/gpfs/vesta-fs0/projects/FASTMath/install/ml/trilinos-11.2.4/linux-rhel_6-ppc64-gcc-4.4.6/include -I/gpfs/vesta-fs0/projects/FASTMath/install/zoltan/trilinos-11.2.4/linux-rhel_6-ppc64-gcc-4.4.6/include -I/gpfs/vesta-fs0/projects/FASTMath/install/parmetis/4.0.3/linux-rhel_6-ppc64-gcc-4.4.6/include -I/gpfs/vesta-fs0/projects/FASTMath/install/metis/5.1.0/linux-rhel_6-ppc64-gcc-4.4.6/include -I/gpfs/vesta-fs0/projects/FASTMath/install/moab/4.6.0/linux-rhel_6-ppc64-gcc-4.4.6/include -I/gpfs/vesta-fs0/projects/FASTMath/install/netcdf/4.3.0/linux-rhel_6-ppc64-gcc-4.4.6/include -I/gpfs/vesta-fs0/projects/FASTMath/install/hdf5/1.8.11/linux-rhel_6-ppc64-gcc-4.4.6/include -I/bgsys/drivers/V1R2M0/ppc64 -I/bgsys/drivers/V1R2M0/ppc64/comm/sys/include -I/bgsys/drivers/V1R2M0/ppc64/spi/include -I/bgsys/drivers/V1R2M0/ppc64/spi/include/kernel/cnk -I/bgsys/drivers/V1R2M0/ppc64/comm/gcc/include
-----------------------------------------

Using C linker: mpicc
Using Fortran linker: mpif90
Using libraries: -Wl,-rpath,/home/balay/petsc/arch-fastmath/lib -L/home/balay/petsc/arch-fastmath/lib -lpetsc -L/gpfs/vesta-fs0/projects/FASTMath/install/superlu/dist-3.3/linux-rhel_6-ppc64-gcc-4.4.6/lib -lsuperlu -Wl,-rpath,/gpfs/vesta-fs0/projects/FASTMath/install/hypre/2.9.2a/linux-rhel_6-ppc64-gcc-4.4.6/lib -L/gpfs/vesta-fs0/projects/FASTMath/install/hypre/2.9.2a/linux-rhel_6-ppc64-gcc-4.4.6/lib -lHYPRE -L/bgsys/drivers/V1R2M0/ppc64/spi/lib -L/bgsys/drivers/V1R2M0/ppc64/comm/sys/lib -L/bgsys/drivers/V1R2M0/ppc64/comm/gcc/lib -L/bgsys/drivers/toolchain/V1R2M0-efix23/gnu-linux/lib/gcc/powerpc64-bgq-linux/4.4.6 -L/bgsys/drivers/toolchain/V1R2M0-efix23/gnu-linux/lib/gcc -L/bgsys/drivers/toolchain/V1R2M0-efix23/gnu-linux/powerpc64-bgq-linux/lib -Wl,-rpath,/bgsys/drivers/V1R2M0/ppc64/comm/gcc/lib -lcxxmpich -L/gpfs/vesta-fs0/projects/FASTMath/install/ml/trilinos-11.2.4/linux-rhel_6-ppc64-gcc-4.4.6/lib -lml -L/gpfs/vesta-fs0/projects/FASTMath/install/parmetis/4.0.3/linux-rhel_6-ppc64-gcc-4.4.6/lib -lparmetis -lmetis -Wl,-rpath,/gpfs/vesta-fs0/projects/FASTMath/install/lapack/3.4.2/linux-rhel_6-ppc64-gcc-4.4.6/lib -L/gpfs/vesta-fs0/projects/FASTMath/install/lapack/3.4.2/linux-rhel_6-ppc64-gcc-4.4.6/lib -llapack -Wl,-rpath,/gpfs/vesta-fs0/projects/FASTMath/install/blas/19Apr11/linux-rhel_6-ppc64-gcc-4.4.6/lib -L/gpfs/vesta-fs0/projects/FASTMath/install/blas/19Apr11/linux-rhel_6-ppc64-gcc-4.4.6/lib -lblas -Wl,-rpath,/gpfs/vesta-fs0/projects/FASTMath/install/zoltan/trilinos-11.2.4/linux-rhel_6-ppc64-gcc-4.4.6/lib -L/gpfs/vesta-fs0/projects/FASTMath/install/zoltan/trilinos-11.2.4/linux-rhel_6-ppc64-gcc-4.4.6/lib -lzoltan -Wl,-rpath,/home/balay/petsc/arch-fastmath/lib -L/home/balay/petsc/arch-fastmath/lib -lchaco -Wl,-rpath,/gpfs/vesta-fs0/projects/FASTMath/install/parmetis/4.0.3/linux-rhel_6-ppc64-gcc-4.4.6/lib -lparmetis -Wl,-rpath,/gpfs/vesta-fs0/projects/FASTMath/install/metis/5.1.0/linux-rhel_6-ppc64-gcc-4.4.6/lib -L/gpfs/vesta-fs0/projects/FASTMath/install/metis/5.1.0/linux-rhel_6-ppc64-gcc-4.4.6/lib -lmetis -lpthread -lexoIIv2for -lexodus -L/gpfs/vesta-fs0/projects/FASTMath/install/moab/4.6.0/linux-rhel_6-ppc64-gcc-4.4.6/lib -lMOAB -L/gpfs/vesta-fs0/projects/FASTMath/install/cgma/12.2.0/linux-rhel_6-ppc64-gcc-4.4.6/lib -lcgm -lzoltan -lparmetis -lmetis -L/gpfs/vesta-fs0/projects/FASTMath/install/hdf5/1.8.11/linux-rhel_6-ppc64-gcc-4.4.6/lib -lhdf5 -Wl,-rpath,/gpfs/vesta-fs0/projects/FASTMath/install/netcdf/4.3.0/linux-rhel_6-ppc64-gcc-4.4.6/lib -L/gpfs/vesta-fs0/projects/FASTMath/install/netcdf/4.3.0/linux-rhel_6-ppc64-gcc-4.4.6/lib -lnetcdf -Wl,-rpath,/gpfs/vesta-fs0/projects/FASTMath/install/hdf5/1.8.11/linux-rhel_6-ppc64-gcc-4.4.6/lib -lhdf5_hl -lhdf5 -lm -lmpichf90 -lgfortran -lm -lm -lcxxmpich -ldl -lmpich -lopa -lmpl -lpami -lSPI -lSPI_cnk -lrt -lpthread -lstdc++ -lgcc_eh -lnss_files -lnss_dns -lresolv -ldl 
-----------------------------------------

