lid velocity = 0.0625, prandtl # = 1, grashof # = 1
Number of SNES iterations = 2
************************************************************************************************************************
***             WIDEN YOUR WINDOW TO 120 CHARACTERS.  Use 'enscript -r -fCourier9' to print this document            ***
************************************************************************************************************************

---------------------------------------------- PETSc Performance Summary: ----------------------------------------------

ex19 on a arch-fastmath named Q02-I1-J07.vesta.itd with 16 processors, by balay Wed Jul 31 22:21:33 2013
Using Petsc Release Version 3.4.2, unknown 

                         Max       Max/Min        Avg      Total 
Time (sec):           4.166e-02      1.00000   4.166e-02
Objects:              1.050e+02      1.00000   1.050e+02
Flops:                1.946e+04      1.23574   1.760e+04  2.816e+05
Flops/sec:            4.671e+05      1.23574   4.225e+05  6.760e+06
MPI Messages:         4.450e+02      2.00000   3.339e+02  5.343e+03
MPI Message Lengths:  1.148e+04      2.00000   2.578e+01  1.377e+05
MPI Reductions:       2.820e+02      1.00000

Flop counting convention: 1 flop = 1 real number operation of type (multiply/divide/add/subtract)
                            e.g., VecAXPY() for real vectors of length N --> 2N flops
                            and VecAXPY() for complex vectors of length N --> 8N flops

Summary of Stages:   ----- Time ------  ----- Flops -----  --- Messages ---  -- Message Lengths --  -- Reductions --
                        Avg     %Total     Avg     %Total   counts   %Total     Avg         %Total   counts   %Total 
 0:      Main Stage: 4.1655e-02 100.0%  2.8163e+05 100.0%  5.343e+03 100.0%  2.578e+01      100.0%  2.810e+02  99.6% 

------------------------------------------------------------------------------------------------------------------------
See the 'Profiling' chapter of the users' manual for details on interpreting output.
Phase summary info:
   Count: number of times phase was executed
   Time and Flops: Max - maximum over all processors
                   Ratio - ratio of maximum to minimum over all processors
   Mess: number of messages sent
   Avg. len: average message length (bytes)
   Reduct: number of global reductions
   Global: entire computation
   Stage: stages of a computation. Set stages with PetscLogStagePush() and PetscLogStagePop().
      %T - percent time in this phase         %f - percent flops in this phase
      %M - percent messages in this phase     %L - percent message lengths in this phase
      %R - percent reductions in this phase
   Total Mflop/s: 10e-6 * (sum of flops over all processors)/(max time over all processors)
------------------------------------------------------------------------------------------------------------------------
Event                Count      Time (sec)     Flops                             --- Global ---  --- Stage ---   Total
                   Max Ratio  Max     Ratio   Max  Ratio  Mess   Avg len Reduct  %T %f %M %L %R  %T %f %M %L %R Mflop/s
------------------------------------------------------------------------------------------------------------------------

--- Event Stage 0: Main Stage

SNESSolve              1 1.0 2.9232e-02 1.0 1.95e+04 1.2 5.2e+03 2.6e+01 2.4e+02 70100 96 99 85  70100 96 99 85    10
SNESFunctionEval       3 1.0 2.5702e-04 1.1 2.52e+02 1.0 1.4e+02 2.0e+01 2.0e+00  1  1  3  2  1   1  1  3  2  1    16
SNESJacobianEval       2 1.0 7.8843e-03 1.0 3.86e+03 1.0 2.2e+03 2.0e+01 7.9e+01 19 22 42 32 28  19 22 42 32 28     8
SNESLineSearch         2 1.0 4.7708e-04 1.0 5.62e+02 1.3 1.9e+02 2.6e+01 8.0e+00  1  3  4  4  3   1  3  4  4  3    17
VecDot                 2 1.0 6.4373e-05 1.9 1.40e+01 1.0 0.0e+00 0.0e+00 2.0e+00  0  0  0  0  1   0  0  0  0  1     3
VecMDot               37 1.0 1.4696e-03 2.2 1.34e+03 1.0 0.0e+00 0.0e+00 3.7e+01  3  8  0  0 13   3  8  0  0 13    15
VecNorm               46 1.0 7.9036e-04 1.1 3.68e+02 1.0 0.0e+00 0.0e+00 4.6e+01  2  2  0  0 16   2  2  0  0 16     7
VecScale              60 1.0 1.7953e-04 1.1 2.40e+02 1.0 0.0e+00 0.0e+00 0.0e+00  0  1  0  0  0   0  1  0  0  0    21
VecCopy               86 1.0 2.3770e-04 1.1 0.00e+00 0.0 0.0e+00 0.0e+00 0.0e+00  1  0  0  0  0   1  0  0  0  0     0
VecSet                50 1.0 1.2183e-04 1.1 0.00e+00 0.0 0.0e+00 0.0e+00 0.0e+00  0  0  0  0  0   0  0  0  0  0     0
VecAXPY               82 1.0 1.8978e-04 1.1 6.56e+02 1.0 0.0e+00 0.0e+00 0.0e+00  0  4  0  0  0   0  4  0  0  0    55
VecAYPX               38 1.0 8.5592e-05 1.2 2.28e+02 1.0 0.0e+00 0.0e+00 0.0e+00  0  1  0  0  0   0  1  0  0  0    43
VecWAXPY               2 1.0 6.1989e-06 1.2 8.00e+00 1.0 0.0e+00 0.0e+00 0.0e+00  0  0  0  0  0   0  0  0  0  0    21
VecMAXPY              41 1.0 1.3757e-04 1.1 1.82e+03 1.0 0.0e+00 0.0e+00 0.0e+00  0 10  0  0  0   0 10  0  0  0   212
VecScatterBegin      105 1.0 2.1996e-03 1.4 0.00e+00 0.0 5.0e+03 2.7e+01 0.0e+00  5  0 94 98  0   5  0 94 98  0     0
VecScatterEnd        105 1.0 2.5134e-03 1.1 0.00e+00 0.0 0.0e+00 0.0e+00 0.0e+00  6  0  0  0  0   6  0  0  0  0     0
VecReduceArith         5 1.0 1.8835e-05 1.4 3.50e+01 1.0 0.0e+00 0.0e+00 0.0e+00  0  0  0  0  0   0  0  0  0  0    30
VecReduceComm          3 1.0 7.1287e-05 1.3 0.00e+00 0.0 0.0e+00 0.0e+00 3.0e+00  0  0  0  0  1   0  0  0  0  1     0
VecNormalize          41 1.0 1.0462e-03 1.0 4.92e+02 1.0 0.0e+00 0.0e+00 4.1e+01  2  3  0  0 15   2  3  0  0 15     8
MatMult               58 1.0 3.2134e-03 1.3 9.05e+03 1.7 2.8e+03 3.2e+01 0.0e+00  7 41 52 65  0   7 41 52 65  0    36
MatSOR                60 1.0 3.6573e-04 1.0 1.92e+03 1.0 0.0e+00 0.0e+00 0.0e+00  1 11  0  0  0   1 11  0  0  0    84
MatAssemblyBegin       3 1.0 3.4976e-04 2.0 0.00e+00 0.0 0.0e+00 0.0e+00 6.0e+00  1  0  0  0  2   1  0  0  0  2     0
MatAssemblyEnd         3 1.0 6.5112e-04 1.0 0.00e+00 0.0 9.6e+01 1.0e+01 8.0e+00  2  0  2  1  3   2  0  2  1  3     0
MatZeroEntries         2 1.0 1.0967e-05 1.1 0.00e+00 0.0 0.0e+00 0.0e+00 0.0e+00  0  0  0  0  0   0  0  0  0  0     0
MatFDColorCreate       1 1.0 3.8228e-03 1.0 0.00e+00 0.0 9.6e+01 1.0e+01 7.1e+01  9  0  2  1 25   9  0  2  1 25     0
MatFDColorApply        2 1.0 3.8407e-03 1.0 3.86e+03 1.0 2.1e+03 2.1e+01 7.0e+00  9 22 40 32  2   9 22 40 32  2    16
MatFDColorFunc        42 1.0 2.7370e-03 1.0 3.53e+03 1.0 2.0e+03 2.0e+01 0.0e+00  6 20 38 29  0   6 20 38 29  0    21
KSPGMRESOrthog        37 1.0 1.7993e-03 1.8 2.86e+03 1.0 0.0e+00 0.0e+00 3.7e+01  3 16  0  0 13   3 16  0  0 13    25
KSPSetUp               5 1.0 2.7473e-03 1.0 0.00e+00 0.0 0.0e+00 0.0e+00 2.8e+01  7  0  0  0 10   7  0  0  0 10     0
KSPSolve               2 1.0 2.0183e-02 1.0 1.49e+04 1.3 2.7e+03 3.2e+01 1.5e+02 48 75 50 62 52  48 75 50 62 52    10
PCSetUp                2 1.0 1.7941e-03 1.0 0.00e+00 0.0 0.0e+00 0.0e+00 8.0e+00  4  0  0  0  3   4  0  0  0  3     0
PCApply               19 1.0 1.3784e-02 1.0 1.07e+04 1.3 1.9e+03 3.2e+01 7.2e+01 33 54 35 43 26  33 54 35 43 26    11
------------------------------------------------------------------------------------------------------------------------

Memory usage is given in bytes:

Object Type          Creations   Destructions     Memory  Descendants' Mem.
Reports information only for process 0.

--- Event Stage 0: Main Stage

                SNES     1              1         1308     0
      SNESLineSearch     1              1          856     0
              DMSNES     1              1          664     0
              Vector    51             51        80184     0
      Vector Scatter     4              4         4208     0
              Matrix     3              3         8508     0
  Matrix FD Coloring     1              1         1692     0
    Distributed Mesh     1              1         5024     0
     Bipartite Graph     2              2         1584     0
           Index Set    29             29        22108     0
   IS L to G Mapping     3              3         1804     0
       Krylov Solver     3              3        49792     0
     DMKSP interface     1              1          648     0
      Preconditioner     3              3         2616     0
              Viewer     1              0            0     0
========================================================================================================================
Average time to get PetscTime(): 7.15256e-07
Average time for MPI_Barrier(): 2.19345e-06
Average time for zero size MPI_Send(): 7.49528e-06
#PETSc Option Table entries:
-dm_refine 6
-log_summary
-pc_type mg
#End of PETSc Option Table entries
Compiled without FORTRAN kernels
Compiled with full precision matrices (default)
sizeof(short) 2 sizeof(int) 4 sizeof(long) 8 sizeof(void*) 8 sizeof(PetscScalar) 8 sizeof(PetscInt) 4
Configure run at: Wed Jul 31 16:13:30 2013
Configure options: PETSC_ARCH=arch-fastmath --prefix=/gpfs/vesta-fs0/projects/FASTMath/install/petsc/3.4.2.1/linux-rhel_6-ppc64-gcc-4.4.6 --with-cmake=/gpfs/vesta-fs0/projects/FASTMath/install/cmake/2.8.11.1/linux-rhel_6-ppc64-gcc-4.4.6/bin/cmake --with-blas-lib=/gpfs/vesta-fs0/projects/FASTMath/install/blas/19Apr11/linux-rhel_6-ppc64-gcc-4.4.6/lib/libblas.a --with-lapack-lib=/gpfs/vesta-fs0/projects/FASTMath/install/lapack/3.4.2/linux-rhel_6-ppc64-gcc-4.4.6/lib/liblapack.a --with-metis-dir=/gpfs/vesta-fs0/projects/FASTMath/install/metis/5.1.0/linux-rhel_6-ppc64-gcc-4.4.6 --with-parmetis-dir=/gpfs/vesta-fs0/projects/FASTMath/install/parmetis/4.0.3/linux-rhel_6-ppc64-gcc-4.4.6 --with-hdf5-dir=/gpfs/vesta-fs0/projects/FASTMath/install/hdf5/1.8.11/linux-rhel_6-ppc64-gcc-4.4.6 --with-superlu_dist-include=/gpfs/vesta-fs0/projects/FASTMath/install/superlu/dist-3.3/linux-rhel_6-ppc64-gcc-4.4.6/include --with-superlu_dist-lib="-L/gpfs/vesta-fs0/projects/FASTMath/install/superlu/dist-3.3/linux-rhel_6-ppc64-gcc-4.4.6/lib -lsuperlu" --with-zoltan-dir=/gpfs/vesta-fs0/projects/FASTMath/install/zoltan/trilinos-11.2.4/linux-rhel_6-ppc64-gcc-4.4.6 --with-moab-include=/gpfs/vesta-fs0/projects/FASTMath/install/moab/4.6.0/linux-rhel_6-ppc64-gcc-4.4.6/include --with-moab-lib="-L/gpfs/vesta-fs0/projects/FASTMath/install/moab/4.6.0/linux-rhel_6-ppc64-gcc-4.4.6/lib -lMOAB -L/gpfs/vesta-fs0/projects/FASTMath/install/cgma/12.2.0/linux-rhel_6-ppc64-gcc-4.4.6/lib -lcgm -L/gpfs/vesta-fs0/projects/FASTMath/install/zoltan/trilinos-11.2.4/linux-rhel_6-ppc64-gcc-4.4.6/lib -lzoltan -L/gpfs/vesta-fs0/projects/FASTMath/install/parmetis/4.0.3/linux-rhel_6-ppc64-gcc-4.4.6/lib -lparmetis -lmetis -L/gpfs/vesta-fs0/projects/FASTMath/install/hdf5/1.8.11/linux-rhel_6-ppc64-gcc-4.4.6/lib -lhdf5" --with-ml-include=/gpfs/vesta-fs0/projects/FASTMath/install/ml/trilinos-11.2.4/linux-rhel_6-ppc64-gcc-4.4.6/include --with-ml-lib="-L/gpfs/vesta-fs0/projects/FASTMath/install/ml/trilinos-11.2.4/linux-rhel_6-ppc64-gcc-4.4.6/lib -lml -L/gpfs/vesta-fs0/projects/FASTMath/install/parmetis/4.0.3/linux-rhel_6-ppc64-gcc-4.4.6/lib -lparmetis -lmetis" --with-hypre-dir=/gpfs/vesta-fs0/projects/FASTMath/install/hypre/2.9.2a/linux-rhel_6-ppc64-gcc-4.4.6 --with-netcdf-dir=/gpfs/vesta-fs0/projects/FASTMath/install/netcdf/4.3.0/linux-rhel_6-ppc64-gcc-4.4.6 --download-chaco --download-exodusii --with-shared-libraries=0 --with-debugging=0 COPTFLAGS="-g -O2" FOPTFLAGS="-g -O2" CXXOPTFLAGS="-g -O2" --with-etags=0
-----------------------------------------
Libraries compiled on Wed Jul 31 16:13:30 2013 on vestalac1 
Machine characteristics: Linux-2.6.32-358.6.2.el6.ppc64-ppc64-with-redhat-6.3-Santiago
Using PETSc directory: /home/balay/petsc
Using PETSc arch: arch-fastmath
-----------------------------------------

Using C compiler: mpicc  -Wall -Wwrite-strings -Wno-strict-aliasing -Wno-unknown-pragmas -g -O2  ${COPTFLAGS} ${CFLAGS}
Using Fortran compiler: mpif90  -Wall -Wno-unused-variable -g -O2   ${FOPTFLAGS} ${FFLAGS} 
-----------------------------------------

Using include paths: -I/home/balay/petsc/arch-fastmath/include -I/home/balay/petsc/include -I/home/balay/petsc/include -I/home/balay/petsc/arch-fastmath/include -I/gpfs/vesta-fs0/projects/FASTMath/install/superlu/dist-3.3/linux-rhel_6-ppc64-gcc-4.4.6/include -I/gpfs/vesta-fs0/projects/FASTMath/install/hypre/2.9.2a/linux-rhel_6-ppc64-gcc-4.4.6/include -I/gpfs/vesta-fs0/projects/FASTMath/install/ml/trilinos-11.2.4/linux-rhel_6-ppc64-gcc-4.4.6/include -I/gpfs/vesta-fs0/projects/FASTMath/install/zoltan/trilinos-11.2.4/linux-rhel_6-ppc64-gcc-4.4.6/include -I/gpfs/vesta-fs0/projects/FASTMath/install/parmetis/4.0.3/linux-rhel_6-ppc64-gcc-4.4.6/include -I/gpfs/vesta-fs0/projects/FASTMath/install/metis/5.1.0/linux-rhel_6-ppc64-gcc-4.4.6/include -I/gpfs/vesta-fs0/projects/FASTMath/install/moab/4.6.0/linux-rhel_6-ppc64-gcc-4.4.6/include -I/gpfs/vesta-fs0/projects/FASTMath/install/netcdf/4.3.0/linux-rhel_6-ppc64-gcc-4.4.6/include -I/gpfs/vesta-fs0/projects/FASTMath/install/hdf5/1.8.11/linux-rhel_6-ppc64-gcc-4.4.6/include -I/bgsys/drivers/V1R2M0/ppc64 -I/bgsys/drivers/V1R2M0/ppc64/comm/sys/include -I/bgsys/drivers/V1R2M0/ppc64/spi/include -I/bgsys/drivers/V1R2M0/ppc64/spi/include/kernel/cnk -I/bgsys/drivers/V1R2M0/ppc64/comm/gcc/include
-----------------------------------------

Using C linker: mpicc
Using Fortran linker: mpif90
Using libraries: -Wl,-rpath,/home/balay/petsc/arch-fastmath/lib -L/home/balay/petsc/arch-fastmath/lib -lpetsc -L/gpfs/vesta-fs0/projects/FASTMath/install/superlu/dist-3.3/linux-rhel_6-ppc64-gcc-4.4.6/lib -lsuperlu -Wl,-rpath,/gpfs/vesta-fs0/projects/FASTMath/install/hypre/2.9.2a/linux-rhel_6-ppc64-gcc-4.4.6/lib -L/gpfs/vesta-fs0/projects/FASTMath/install/hypre/2.9.2a/linux-rhel_6-ppc64-gcc-4.4.6/lib -lHYPRE -L/bgsys/drivers/V1R2M0/ppc64/spi/lib -L/bgsys/drivers/V1R2M0/ppc64/comm/sys/lib -L/bgsys/drivers/V1R2M0/ppc64/comm/gcc/lib -L/bgsys/drivers/toolchain/V1R2M0-efix23/gnu-linux/lib/gcc/powerpc64-bgq-linux/4.4.6 -L/bgsys/drivers/toolchain/V1R2M0-efix23/gnu-linux/lib/gcc -L/bgsys/drivers/toolchain/V1R2M0-efix23/gnu-linux/powerpc64-bgq-linux/lib -Wl,-rpath,/bgsys/drivers/V1R2M0/ppc64/comm/gcc/lib -lcxxmpich -L/gpfs/vesta-fs0/projects/FASTMath/install/ml/trilinos-11.2.4/linux-rhel_6-ppc64-gcc-4.4.6/lib -lml -L/gpfs/vesta-fs0/projects/FASTMath/install/parmetis/4.0.3/linux-rhel_6-ppc64-gcc-4.4.6/lib -lparmetis -lmetis -Wl,-rpath,/gpfs/vesta-fs0/projects/FASTMath/install/lapack/3.4.2/linux-rhel_6-ppc64-gcc-4.4.6/lib -L/gpfs/vesta-fs0/projects/FASTMath/install/lapack/3.4.2/linux-rhel_6-ppc64-gcc-4.4.6/lib -llapack -Wl,-rpath,/gpfs/vesta-fs0/projects/FASTMath/install/blas/19Apr11/linux-rhel_6-ppc64-gcc-4.4.6/lib -L/gpfs/vesta-fs0/projects/FASTMath/install/blas/19Apr11/linux-rhel_6-ppc64-gcc-4.4.6/lib -lblas -Wl,-rpath,/gpfs/vesta-fs0/projects/FASTMath/install/zoltan/trilinos-11.2.4/linux-rhel_6-ppc64-gcc-4.4.6/lib -L/gpfs/vesta-fs0/projects/FASTMath/install/zoltan/trilinos-11.2.4/linux-rhel_6-ppc64-gcc-4.4.6/lib -lzoltan -Wl,-rpath,/home/balay/petsc/arch-fastmath/lib -L/home/balay/petsc/arch-fastmath/lib -lchaco -Wl,-rpath,/gpfs/vesta-fs0/projects/FASTMath/install/parmetis/4.0.3/linux-rhel_6-ppc64-gcc-4.4.6/lib -lparmetis -Wl,-rpath,/gpfs/vesta-fs0/projects/FASTMath/install/metis/5.1.0/linux-rhel_6-ppc64-gcc-4.4.6/lib -L/gpfs/vesta-fs0/projects/FASTMath/install/metis/5.1.0/linux-rhel_6-ppc64-gcc-4.4.6/lib -lmetis -lpthread -lexoIIv2for -lexodus -L/gpfs/vesta-fs0/projects/FASTMath/install/moab/4.6.0/linux-rhel_6-ppc64-gcc-4.4.6/lib -lMOAB -L/gpfs/vesta-fs0/projects/FASTMath/install/cgma/12.2.0/linux-rhel_6-ppc64-gcc-4.4.6/lib -lcgm -lzoltan -lparmetis -lmetis -L/gpfs/vesta-fs0/projects/FASTMath/install/hdf5/1.8.11/linux-rhel_6-ppc64-gcc-4.4.6/lib -lhdf5 -Wl,-rpath,/gpfs/vesta-fs0/projects/FASTMath/install/netcdf/4.3.0/linux-rhel_6-ppc64-gcc-4.4.6/lib -L/gpfs/vesta-fs0/projects/FASTMath/install/netcdf/4.3.0/linux-rhel_6-ppc64-gcc-4.4.6/lib -lnetcdf -Wl,-rpath,/gpfs/vesta-fs0/projects/FASTMath/install/hdf5/1.8.11/linux-rhel_6-ppc64-gcc-4.4.6/lib -lhdf5_hl -lhdf5 -lm -lmpichf90 -lgfortran -lm -lm -lcxxmpich -ldl -lmpich -lopa -lmpl -lpami -lSPI -lSPI_cnk -lrt -lpthread -lstdc++ -lgcc_eh -lnss_files -lnss_dns -lresolv -ldl 
-----------------------------------------

