lid velocity = 0.00012207, prandtl # = 1, grashof # = 1
  0 SNES Function norm 1.108854643719e-02 
    0 KSP Residual norm 9.961430209847e-02 
    1 KSP Residual norm 2.509279164257e-02 
    2 KSP Residual norm 1.583043172963e-02 
    3 KSP Residual norm 1.402765794641e-02 
    4 KSP Residual norm 1.325663397847e-02 
    5 KSP Residual norm 1.271880321523e-02 
    6 KSP Residual norm 1.228505670351e-02 
    7 KSP Residual norm 1.180986194988e-02 
    8 KSP Residual norm 1.149322768185e-02 
    9 KSP Residual norm 1.125927602682e-02 
   10 KSP Residual norm 1.099121482974e-02 
   11 KSP Residual norm 1.041424591832e-02 
   12 KSP Residual norm 9.699799593875e-03 
   13 KSP Residual norm 8.970484134783e-03 
   14 KSP Residual norm 8.418341666163e-03 
   15 KSP Residual norm 7.963687824370e-03 
   16 KSP Residual norm 7.584109089881e-03 
   17 KSP Residual norm 7.174784112328e-03 
   18 KSP Residual norm 6.681903445579e-03 
   19 KSP Residual norm 6.212981815913e-03 
   20 KSP Residual norm 5.814160263725e-03 
   21 KSP Residual norm 5.379284938281e-03 
   22 KSP Residual norm 4.860600400162e-03 
   23 KSP Residual norm 4.389549062369e-03 
   24 KSP Residual norm 3.970896057873e-03 
   25 KSP Residual norm 3.556378408148e-03 
   26 KSP Residual norm 3.053980771098e-03 
   27 KSP Residual norm 2.649009750796e-03 
   28 KSP Residual norm 2.327096701236e-03 
   29 KSP Residual norm 2.103010543106e-03 
   30 KSP Residual norm 1.961729359798e-03 
   31 KSP Residual norm 1.955367176242e-03 
   32 KSP Residual norm 1.932993393482e-03 
   33 KSP Residual norm 1.913030266799e-03 
   34 KSP Residual norm 1.905483970245e-03 
   35 KSP Residual norm 1.899589520128e-03 
   36 KSP Residual norm 1.890753052942e-03 
   37 KSP Residual norm 1.885277295323e-03 
   38 KSP Residual norm 1.873890712446e-03 
   39 KSP Residual norm 1.849554742739e-03 
   40 KSP Residual norm 1.831965307374e-03 
   41 KSP Residual norm 1.822037198594e-03 
   42 KSP Residual norm 1.813438362384e-03 
   43 KSP Residual norm 1.803437110306e-03 
   44 KSP Residual norm 1.789036195326e-03 
   45 KSP Residual norm 1.762864796610e-03 
   46 KSP Residual norm 1.733396092258e-03 
   47 KSP Residual norm 1.704915210059e-03 
   48 KSP Residual norm 1.666896350595e-03 
   49 KSP Residual norm 1.602729858461e-03 
   50 KSP Residual norm 1.538822041232e-03 
   51 KSP Residual norm 1.473378778228e-03 
   52 KSP Residual norm 1.403131439361e-03 
   53 KSP Residual norm 1.305105845886e-03 
   54 KSP Residual norm 1.197002866921e-03 
   55 KSP Residual norm 1.098346027851e-03 
   56 KSP Residual norm 1.015899965450e-03 
   57 KSP Residual norm 9.527730469560e-04 
   58 KSP Residual norm 9.057516814320e-04 
   59 KSP Residual norm 8.788873268070e-04 
   60 KSP Residual norm 8.626569920872e-04 
   61 KSP Residual norm 8.591354298129e-04 
   62 KSP Residual norm 8.591350571729e-04 
   63 KSP Residual norm 8.591241799504e-04 
   64 KSP Residual norm 8.578408661707e-04 
   65 KSP Residual norm 8.562098015409e-04 
   66 KSP Residual norm 8.525844928909e-04 
   67 KSP Residual norm 8.476626202083e-04 
   68 KSP Residual norm 8.406373261040e-04 
   69 KSP Residual norm 8.353531264132e-04 
   70 KSP Residual norm 8.306099922289e-04 
   71 KSP Residual norm 8.249662730764e-04 
   72 KSP Residual norm 8.173397956852e-04 
   73 KSP Residual norm 8.083696454529e-04 
   74 KSP Residual norm 7.938573428023e-04 
   75 KSP Residual norm 7.799490720429e-04 
   76 KSP Residual norm 7.694244438836e-04 
   77 KSP Residual norm 7.603324618067e-04 
   78 KSP Residual norm 7.505507624667e-04 
   79 KSP Residual norm 7.364716260596e-04 
   80 KSP Residual norm 7.194340208722e-04 
   81 KSP Residual norm 6.962850023110e-04 
   82 KSP Residual norm 6.735891633484e-04 
   83 KSP Residual norm 6.454722966873e-04 
   84 KSP Residual norm 6.185725457595e-04 
   85 KSP Residual norm 5.908687366001e-04 
   86 KSP Residual norm 5.548498098092e-04 
   87 KSP Residual norm 5.061390858885e-04 
   88 KSP Residual norm 4.561133451118e-04 
   89 KSP Residual norm 4.031936513294e-04 
   90 KSP Residual norm 3.674857149173e-04 
   91 KSP Residual norm 3.523450921454e-04 
   92 KSP Residual norm 3.406586779196e-04 
   93 KSP Residual norm 3.383673732431e-04 
   94 KSP Residual norm 3.345009385718e-04 
   95 KSP Residual norm 3.312858690251e-04 
   96 KSP Residual norm 3.299058780850e-04 
   97 KSP Residual norm 3.293834478328e-04 
   98 KSP Residual norm 3.277254367817e-04 
   99 KSP Residual norm 3.247948874002e-04 
  100 KSP Residual norm 3.204593274157e-04 
  101 KSP Residual norm 3.132222170714e-04 
  102 KSP Residual norm 3.052854410124e-04 
  103 KSP Residual norm 2.972237719912e-04 
  104 KSP Residual norm 2.899405062562e-04 
  105 KSP Residual norm 2.829077410459e-04 
  106 KSP Residual norm 2.777315805850e-04 
  107 KSP Residual norm 2.720292248239e-04 
  108 KSP Residual norm 2.662886457459e-04 
  109 KSP Residual norm 2.607418985376e-04 
  110 KSP Residual norm 2.545907560056e-04 
  111 KSP Residual norm 2.458480892333e-04 
  112 KSP Residual norm 2.308327902389e-04 
  113 KSP Residual norm 2.103676116463e-04 
  114 KSP Residual norm 1.887755500741e-04 
  115 KSP Residual norm 1.682731143615e-04 
  116 KSP Residual norm 1.511567750969e-04 
  117 KSP Residual norm 1.379902588230e-04 
  118 KSP Residual norm 1.245346288289e-04 
  119 KSP Residual norm 1.124609670479e-04 
  120 KSP Residual norm 1.048547825069e-04 
  121 KSP Residual norm 1.011172269572e-04 
  122 KSP Residual norm 9.951115628647e-05 
  123 KSP Residual norm 9.883931350683e-05 
  124 KSP Residual norm 9.811076052775e-05 
  125 KSP Residual norm 9.764480069939e-05 
  126 KSP Residual norm 9.756403723261e-05 
  127 KSP Residual norm 9.754413202723e-05 
  128 KSP Residual norm 9.751304051871e-05 
  129 KSP Residual norm 9.745050455806e-05 
  130 KSP Residual norm 9.724475896057e-05 
  131 KSP Residual norm 9.687790702379e-05 
  132 KSP Residual norm 9.658522764747e-05 
  133 KSP Residual norm 9.619184369964e-05 
  134 KSP Residual norm 9.564086598237e-05 
  135 KSP Residual norm 9.498283762638e-05 
  136 KSP Residual norm 9.455714442211e-05 
  137 KSP Residual norm 9.443075974626e-05 
  138 KSP Residual norm 9.441280028172e-05 
  139 KSP Residual norm 9.440462502203e-05 
  140 KSP Residual norm 9.410685363980e-05 
  141 KSP Residual norm 9.290292977184e-05 
  142 KSP Residual norm 9.041389677182e-05 
  143 KSP Residual norm 8.688826529814e-05 
  144 KSP Residual norm 8.260730099163e-05 
  145 KSP Residual norm 7.743432266253e-05 
  146 KSP Residual norm 7.276028595939e-05 
  147 KSP Residual norm 6.872223283452e-05 
  148 KSP Residual norm 6.566433199823e-05 
  149 KSP Residual norm 6.317341266461e-05 
  150 KSP Residual norm 6.104329565110e-05 
  151 KSP Residual norm 5.968028154104e-05 
  152 KSP Residual norm 5.912831380028e-05 
  153 KSP Residual norm 5.898929358576e-05 
  154 KSP Residual norm 5.892606340670e-05 
  155 KSP Residual norm 5.885407095542e-05 
  156 KSP Residual norm 5.876753285679e-05 
  157 KSP Residual norm 5.868218784015e-05 
  158 KSP Residual norm 5.861592568783e-05 
  159 KSP Residual norm 5.857890414042e-05 
  160 KSP Residual norm 5.855938275683e-05 
  161 KSP Residual norm 5.855460085315e-05 
  162 KSP Residual norm 5.853743484490e-05 
  163 KSP Residual norm 5.843099705284e-05 
  164 KSP Residual norm 5.805837977243e-05 
  165 KSP Residual norm 5.724588189703e-05 
  166 KSP Residual norm 5.583119799954e-05 
  167 KSP Residual norm 5.442444989722e-05 
  168 KSP Residual norm 5.325477449045e-05 
  169 KSP Residual norm 5.255352865734e-05 
  170 KSP Residual norm 5.200531610907e-05 
  171 KSP Residual norm 5.142186322014e-05 
  172 KSP Residual norm 5.074579746158e-05 
  173 KSP Residual norm 4.980833917351e-05 
  174 KSP Residual norm 4.808357566572e-05 
  175 KSP Residual norm 4.562274883248e-05 
  176 KSP Residual norm 4.269177123806e-05 
  177 KSP Residual norm 4.008262294697e-05 
  178 KSP Residual norm 3.845190896795e-05 
  179 KSP Residual norm 3.696811798222e-05 
  180 KSP Residual norm 3.568047041031e-05 
  181 KSP Residual norm 3.486123266968e-05 
  182 KSP Residual norm 3.386043961905e-05 
  183 KSP Residual norm 3.279310764555e-05 
  184 KSP Residual norm 3.143372686681e-05 
  185 KSP Residual norm 3.010423499947e-05 
  186 KSP Residual norm 2.926658171655e-05 
  187 KSP Residual norm 2.881924941973e-05 
  188 KSP Residual norm 2.863854164757e-05 
  189 KSP Residual norm 2.843689471997e-05 
  190 KSP Residual norm 2.803829923243e-05 
  191 KSP Residual norm 2.720521132415e-05 
  192 KSP Residual norm 2.634710701355e-05 
  193 KSP Residual norm 2.546863868451e-05 
  194 KSP Residual norm 2.476603936633e-05 
  195 KSP Residual norm 2.403452329596e-05 
  196 KSP Residual norm 2.333866191466e-05 
  197 KSP Residual norm 2.272592149207e-05 
  198 KSP Residual norm 2.197301409531e-05 
  199 KSP Residual norm 2.110472621576e-05 
  200 KSP Residual norm 2.009830762188e-05 
  201 KSP Residual norm 1.908091158792e-05 
  202 KSP Residual norm 1.798854422102e-05 
  203 KSP Residual norm 1.681947396603e-05 
  204 KSP Residual norm 1.543516201913e-05 
  205 KSP Residual norm 1.384678117191e-05 
  206 KSP Residual norm 1.220566829343e-05 
  207 KSP Residual norm 1.081534897436e-05 
  208 KSP Residual norm 9.738081563184e-06 
  209 KSP Residual norm 8.840363787688e-06 
  210 KSP Residual norm 8.155387524016e-06 
  211 KSP Residual norm 7.738777551724e-06 
  212 KSP Residual norm 7.401730453048e-06 
  213 KSP Residual norm 7.195960266314e-06 
  214 KSP Residual norm 7.047033351694e-06 
  215 KSP Residual norm 6.893214606022e-06 
  216 KSP Residual norm 6.738101975275e-06 
  217 KSP Residual norm 6.650246057209e-06 
  218 KSP Residual norm 6.588933822320e-06 
  219 KSP Residual norm 6.543909637473e-06 
  220 KSP Residual norm 6.512143478498e-06 
  221 KSP Residual norm 6.490117078960e-06 
  222 KSP Residual norm 6.474324073389e-06 
  223 KSP Residual norm 6.458386301886e-06 
  224 KSP Residual norm 6.442387164940e-06 
  225 KSP Residual norm 6.425916577024e-06 
  226 KSP Residual norm 6.409440369046e-06 
  227 KSP Residual norm 6.393050429586e-06 
  228 KSP Residual norm 6.367871891526e-06 
  229 KSP Residual norm 6.321994430763e-06 
  230 KSP Residual norm 6.220995151560e-06 
  231 KSP Residual norm 6.016998919430e-06 
  232 KSP Residual norm 5.702282083769e-06 
  233 KSP Residual norm 5.238991407714e-06 
  234 KSP Residual norm 4.716034372876e-06 
  235 KSP Residual norm 4.304637781302e-06 
  236 KSP Residual norm 3.896551742455e-06 
  237 KSP Residual norm 3.607176633840e-06 
  238 KSP Residual norm 3.381116074771e-06 
  239 KSP Residual norm 3.207122956091e-06 
  240 KSP Residual norm 3.079690712685e-06 
  241 KSP Residual norm 3.009536398804e-06 
  242 KSP Residual norm 2.935700768124e-06 
  243 KSP Residual norm 2.911557396431e-06 
  244 KSP Residual norm 2.903410068290e-06 
  245 KSP Residual norm 2.899619874079e-06 
  246 KSP Residual norm 2.896815179410e-06 
  247 KSP Residual norm 2.892626940196e-06 
  248 KSP Residual norm 2.887904036101e-06 
  249 KSP Residual norm 2.881902447585e-06 
  250 KSP Residual norm 2.876428991042e-06 
  251 KSP Residual norm 2.868688076062e-06 
  252 KSP Residual norm 2.855099032691e-06 
  253 KSP Residual norm 2.835942921791e-06 
  254 KSP Residual norm 2.811257395366e-06 
  255 KSP Residual norm 2.768689104403e-06 
  256 KSP Residual norm 2.727249582018e-06 
  257 KSP Residual norm 2.674967210792e-06 
  258 KSP Residual norm 2.614949532056e-06 
  259 KSP Residual norm 2.553810467493e-06 
  260 KSP Residual norm 2.483665511850e-06 
  261 KSP Residual norm 2.394482586118e-06 
  262 KSP Residual norm 2.268316713917e-06 
  263 KSP Residual norm 2.116916982653e-06 
  264 KSP Residual norm 1.972748323055e-06 
  265 KSP Residual norm 1.866783475825e-06 
  266 KSP Residual norm 1.791824389030e-06 
  267 KSP Residual norm 1.731610344378e-06 
  268 KSP Residual norm 1.649927656113e-06 
  269 KSP Residual norm 1.558163327335e-06 
  270 KSP Residual norm 1.430600785656e-06 
  271 KSP Residual norm 1.366172634695e-06 
  272 KSP Residual norm 1.299323326371e-06 
  273 KSP Residual norm 1.247552111806e-06 
  274 KSP Residual norm 1.200651173873e-06 
  275 KSP Residual norm 1.154913011738e-06 
  276 KSP Residual norm 1.101716914880e-06 
  277 KSP Residual norm 1.057863095125e-06 
  278 KSP Residual norm 1.019685263724e-06 
  279 KSP Residual norm 9.872127718136e-07 
  1 SNES Function norm 1.373239172756e-06 
    0 KSP Residual norm 1.904215818449e-06 
    1 KSP Residual norm 1.518409518426e-06 
    2 KSP Residual norm 1.406287320453e-06 
    3 KSP Residual norm 1.358455138201e-06 
    4 KSP Residual norm 1.227426241451e-06 
    5 KSP Residual norm 1.107403985611e-06 
    6 KSP Residual norm 1.037329935218e-06 
    7 KSP Residual norm 9.935501792450e-07 
    8 KSP Residual norm 9.628015813485e-07 
    9 KSP Residual norm 9.364570707290e-07 
   10 KSP Residual norm 9.048109524305e-07 
   11 KSP Residual norm 8.881127083216e-07 
   12 KSP Residual norm 8.776864258549e-07 
   13 KSP Residual norm 8.659347487323e-07 
   14 KSP Residual norm 8.534275090575e-07 
   15 KSP Residual norm 8.391552568985e-07 
   16 KSP Residual norm 8.222316801340e-07 
   17 KSP Residual norm 7.983256778832e-07 
   18 KSP Residual norm 7.635826793500e-07 
   19 KSP Residual norm 7.149254232205e-07 
   20 KSP Residual norm 6.793140786807e-07 
   21 KSP Residual norm 6.436324672473e-07 
   22 KSP Residual norm 6.022922550271e-07 
   23 KSP Residual norm 5.704026496364e-07 
   24 KSP Residual norm 5.355106856739e-07 
   25 KSP Residual norm 4.968374740788e-07 
   26 KSP Residual norm 4.585551585177e-07 
   27 KSP Residual norm 4.065412180206e-07 
   28 KSP Residual norm 3.502161700986e-07 
   29 KSP Residual norm 2.849342133105e-07 
   30 KSP Residual norm 2.409667016336e-07 
   31 KSP Residual norm 2.210846075968e-07 
   32 KSP Residual norm 2.117184548999e-07 
   33 KSP Residual norm 2.060886148036e-07 
   34 KSP Residual norm 1.972246342794e-07 
   35 KSP Residual norm 1.874133500317e-07 
   36 KSP Residual norm 1.799536233539e-07 
   37 KSP Residual norm 1.741380501560e-07 
   38 KSP Residual norm 1.689961603960e-07 
   39 KSP Residual norm 1.662532834121e-07 
   40 KSP Residual norm 1.651898103329e-07 
   41 KSP Residual norm 1.645771432340e-07 
   42 KSP Residual norm 1.643028595217e-07 
   43 KSP Residual norm 1.642143455793e-07 
   44 KSP Residual norm 1.641538143373e-07 
   45 KSP Residual norm 1.640725344009e-07 
   46 KSP Residual norm 1.639514907929e-07 
   47 KSP Residual norm 1.636551134949e-07 
   48 KSP Residual norm 1.622291048965e-07 
   49 KSP Residual norm 1.595650615843e-07 
   50 KSP Residual norm 1.560347418330e-07 
   51 KSP Residual norm 1.522395753852e-07 
   52 KSP Residual norm 1.489123373125e-07 
   53 KSP Residual norm 1.456775066484e-07 
   54 KSP Residual norm 1.410014563379e-07 
   55 KSP Residual norm 1.338139630855e-07 
   56 KSP Residual norm 1.260917278906e-07 
   57 KSP Residual norm 1.182171333783e-07 
   58 KSP Residual norm 1.107323773709e-07 
   59 KSP Residual norm 1.022467674578e-07 
   60 KSP Residual norm 9.332288597924e-08 
   61 KSP Residual norm 8.843831625631e-08 
   62 KSP Residual norm 8.487506034279e-08 
   63 KSP Residual norm 8.199457671678e-08 
   64 KSP Residual norm 7.985153172802e-08 
   65 KSP Residual norm 7.884817078686e-08 
   66 KSP Residual norm 7.824653857300e-08 
   67 KSP Residual norm 7.801450459969e-08 
   68 KSP Residual norm 7.794732182858e-08 
   69 KSP Residual norm 7.790370970155e-08 
   70 KSP Residual norm 7.782215855760e-08 
   71 KSP Residual norm 7.767623464107e-08 
   72 KSP Residual norm 7.737493548248e-08 
   73 KSP Residual norm 7.681636876445e-08 
   74 KSP Residual norm 7.622604575046e-08 
   75 KSP Residual norm 7.539276134625e-08 
   76 KSP Residual norm 7.431682948271e-08 
   77 KSP Residual norm 7.247288356928e-08 
   78 KSP Residual norm 7.024635773355e-08 
   79 KSP Residual norm 6.749419159793e-08 
   80 KSP Residual norm 6.506088560703e-08 
   81 KSP Residual norm 6.253067138921e-08 
   82 KSP Residual norm 6.039528033508e-08 
   83 KSP Residual norm 5.827460809758e-08 
   84 KSP Residual norm 5.634447936748e-08 
   85 KSP Residual norm 5.438565000466e-08 
   86 KSP Residual norm 5.198672299909e-08 
   87 KSP Residual norm 4.960052588792e-08 
   88 KSP Residual norm 4.712875824500e-08 
   89 KSP Residual norm 4.488142887894e-08 
   90 KSP Residual norm 4.240457117592e-08 
   91 KSP Residual norm 4.128481214065e-08 
   92 KSP Residual norm 4.011130150370e-08 
   93 KSP Residual norm 3.875336695137e-08 
   94 KSP Residual norm 3.699604731829e-08 
   95 KSP Residual norm 3.578968922660e-08 
   96 KSP Residual norm 3.477425603963e-08 
   97 KSP Residual norm 3.378846733441e-08 
   98 KSP Residual norm 3.278802480256e-08 
   99 KSP Residual norm 3.149430370789e-08 
  100 KSP Residual norm 3.022584116700e-08 
  101 KSP Residual norm 2.893960381123e-08 
  102 KSP Residual norm 2.804489236639e-08 
  103 KSP Residual norm 2.719481248288e-08 
  104 KSP Residual norm 2.637062819957e-08 
  105 KSP Residual norm 2.517938470237e-08 
  106 KSP Residual norm 2.424831207279e-08 
  107 KSP Residual norm 2.352979637318e-08 
  108 KSP Residual norm 2.283692519214e-08 
  109 KSP Residual norm 2.218506568435e-08 
  110 KSP Residual norm 2.155364148879e-08 
  111 KSP Residual norm 2.109128833947e-08 
  112 KSP Residual norm 2.079527934969e-08 
  113 KSP Residual norm 2.061803338137e-08 
  114 KSP Residual norm 2.046974988578e-08 
  115 KSP Residual norm 2.028280545673e-08 
  116 KSP Residual norm 1.988664889285e-08 
  117 KSP Residual norm 1.900325127430e-08 
  118 KSP Residual norm 1.781133191477e-08 
  119 KSP Residual norm 1.635310158736e-08 
  120 KSP Residual norm 1.501273521294e-08 
  121 KSP Residual norm 1.436653211973e-08 
  122 KSP Residual norm 1.391610983194e-08 
  123 KSP Residual norm 1.372293191410e-08 
  124 KSP Residual norm 1.361578124277e-08 
  125 KSP Residual norm 1.353944516861e-08 
  126 KSP Residual norm 1.347311775106e-08 
  127 KSP Residual norm 1.341146887366e-08 
  128 KSP Residual norm 1.335670861800e-08 
  129 KSP Residual norm 1.329164904607e-08 
  130 KSP Residual norm 1.324272073853e-08 
  131 KSP Residual norm 1.319091186837e-08 
  132 KSP Residual norm 1.313189250157e-08 
  133 KSP Residual norm 1.303762968365e-08 
  134 KSP Residual norm 1.291073937539e-08 
  135 KSP Residual norm 1.268238011337e-08 
  136 KSP Residual norm 1.232772267185e-08 
  137 KSP Residual norm 1.197609444414e-08 
  138 KSP Residual norm 1.164944994107e-08 
  139 KSP Residual norm 1.136454899800e-08 
  140 KSP Residual norm 1.103510510086e-08 
  141 KSP Residual norm 1.072180176375e-08 
  142 KSP Residual norm 1.036395368719e-08 
  143 KSP Residual norm 1.002870242830e-08 
  144 KSP Residual norm 9.681348126219e-09 
  145 KSP Residual norm 9.324338082752e-09 
  146 KSP Residual norm 8.987443066597e-09 
  147 KSP Residual norm 8.693280546789e-09 
  148 KSP Residual norm 8.447598407050e-09 
  149 KSP Residual norm 8.170256329075e-09 
  150 KSP Residual norm 7.884602483953e-09 
  151 KSP Residual norm 7.705876326893e-09 
  152 KSP Residual norm 7.540570978432e-09 
  153 KSP Residual norm 7.411427508502e-09 
  154 KSP Residual norm 7.316075868661e-09 
  155 KSP Residual norm 7.186449157076e-09 
  156 KSP Residual norm 7.039093697809e-09 
  157 KSP Residual norm 6.911959534072e-09 
  158 KSP Residual norm 6.798466263678e-09 
  159 KSP Residual norm 6.647999886946e-09 
  160 KSP Residual norm 6.483003377183e-09 
  161 KSP Residual norm 6.281444777966e-09 
  162 KSP Residual norm 6.059553784385e-09 
  163 KSP Residual norm 5.810831785049e-09 
  164 KSP Residual norm 5.542841045567e-09 
  165 KSP Residual norm 5.222700410403e-09 
  166 KSP Residual norm 4.864715133951e-09 
  167 KSP Residual norm 4.531334807701e-09 
  168 KSP Residual norm 4.236190141147e-09 
  169 KSP Residual norm 4.033605509935e-09 
  170 KSP Residual norm 3.909204662981e-09 
  171 KSP Residual norm 3.830299562370e-09 
  172 KSP Residual norm 3.772076798229e-09 
  173 KSP Residual norm 3.724486922830e-09 
  174 KSP Residual norm 3.665072036287e-09 
  175 KSP Residual norm 3.594993130938e-09 
  176 KSP Residual norm 3.530567634144e-09 
  177 KSP Residual norm 3.461308434732e-09 
  178 KSP Residual norm 3.397946570645e-09 
  179 KSP Residual norm 3.330924830051e-09 
  180 KSP Residual norm 3.274734120508e-09 
  181 KSP Residual norm 3.250367641801e-09 
  182 KSP Residual norm 3.240679835133e-09 
  183 KSP Residual norm 3.236737999260e-09 
  184 KSP Residual norm 3.233069507612e-09 
  185 KSP Residual norm 3.223084163132e-09 
  186 KSP Residual norm 3.212896713170e-09 
  187 KSP Residual norm 3.207068659372e-09 
  188 KSP Residual norm 3.205489640696e-09 
  189 KSP Residual norm 3.204655168520e-09 
  190 KSP Residual norm 3.201444176636e-09 
  191 KSP Residual norm 3.189594183376e-09 
  192 KSP Residual norm 3.166711374044e-09 
  193 KSP Residual norm 3.116299283417e-09 
  194 KSP Residual norm 3.050695147471e-09 
  195 KSP Residual norm 2.971712542179e-09 
  196 KSP Residual norm 2.904616118663e-09 
  197 KSP Residual norm 2.841586220385e-09 
  198 KSP Residual norm 2.778806945465e-09 
  199 KSP Residual norm 2.725975630713e-09 
  200 KSP Residual norm 2.658299498790e-09 
  201 KSP Residual norm 2.575776708468e-09 
  202 KSP Residual norm 2.470986930924e-09 
  203 KSP Residual norm 2.375904758254e-09 
  204 KSP Residual norm 2.269376734456e-09 
  205 KSP Residual norm 2.195360848817e-09 
  206 KSP Residual norm 2.130032628533e-09 
  207 KSP Residual norm 2.082421132769e-09 
  208 KSP Residual norm 2.025146055012e-09 
  209 KSP Residual norm 1.948207283035e-09 
  210 KSP Residual norm 1.875879583096e-09 
  211 KSP Residual norm 1.841248468970e-09 
  212 KSP Residual norm 1.807390894860e-09 
  213 KSP Residual norm 1.781885917791e-09 
  214 KSP Residual norm 1.749048142070e-09 
  215 KSP Residual norm 1.709172428507e-09 
  216 KSP Residual norm 1.675611826356e-09 
  217 KSP Residual norm 1.637977257385e-09 
  218 KSP Residual norm 1.599609471428e-09 
  219 KSP Residual norm 1.558248884630e-09 
  220 KSP Residual norm 1.523454437854e-09 
  221 KSP Residual norm 1.488615299497e-09 
  222 KSP Residual norm 1.455087931297e-09 
  223 KSP Residual norm 1.422444092842e-09 
  224 KSP Residual norm 1.388807859213e-09 
  225 KSP Residual norm 1.356619400668e-09 
  226 KSP Residual norm 1.324578314659e-09 
  227 KSP Residual norm 1.291564318324e-09 
  228 KSP Residual norm 1.249373029631e-09 
  229 KSP Residual norm 1.206814292358e-09 
  230 KSP Residual norm 1.152509539830e-09 
  231 KSP Residual norm 1.097960391470e-09 
  232 KSP Residual norm 1.049597901127e-09 
  233 KSP Residual norm 1.019321643748e-09 
  234 KSP Residual norm 1.001365571793e-09 
  235 KSP Residual norm 9.909442752389e-10 
  236 KSP Residual norm 9.803684844885e-10 
  237 KSP Residual norm 9.636883907846e-10 
  238 KSP Residual norm 9.435634345133e-10 
  239 KSP Residual norm 9.176542500945e-10 
  240 KSP Residual norm 8.904613390594e-10 
  241 KSP Residual norm 8.748801994126e-10 
  242 KSP Residual norm 8.597483846231e-10 
  243 KSP Residual norm 8.482161838958e-10 
  244 KSP Residual norm 8.357999598100e-10 
  245 KSP Residual norm 8.262499105016e-10 
  246 KSP Residual norm 8.189341760038e-10 
  247 KSP Residual norm 8.151918676509e-10 
  248 KSP Residual norm 8.109062190656e-10 
  249 KSP Residual norm 8.044174211271e-10 
  250 KSP Residual norm 7.946451066991e-10 
  251 KSP Residual norm 7.816044564883e-10 
  252 KSP Residual norm 7.646058340279e-10 
  253 KSP Residual norm 7.443442111698e-10 
  254 KSP Residual norm 7.242884611220e-10 
  255 KSP Residual norm 7.002375202216e-10 
  256 KSP Residual norm 6.736865145268e-10 
  257 KSP Residual norm 6.494093674167e-10 
  258 KSP Residual norm 6.283146615643e-10 
  259 KSP Residual norm 6.107227940269e-10 
  260 KSP Residual norm 5.898850563540e-10 
  261 KSP Residual norm 5.702809126094e-10 
  262 KSP Residual norm 5.548178865636e-10 
  263 KSP Residual norm 5.441732040060e-10 
  264 KSP Residual norm 5.365270465439e-10 
  265 KSP Residual norm 5.314554827085e-10 
  266 KSP Residual norm 5.252328991034e-10 
  267 KSP Residual norm 5.157793977460e-10 
  268 KSP Residual norm 5.047086438500e-10 
  269 KSP Residual norm 4.912453608290e-10 
  270 KSP Residual norm 4.776985789727e-10 
  271 KSP Residual norm 4.698048240243e-10 
  272 KSP Residual norm 4.615546949830e-10 
  273 KSP Residual norm 4.520801257599e-10 
  274 KSP Residual norm 4.442700165490e-10 
  275 KSP Residual norm 4.343979394334e-10 
  276 KSP Residual norm 4.217618162450e-10 
  277 KSP Residual norm 4.036366372372e-10 
  278 KSP Residual norm 3.820926472133e-10 
  279 KSP Residual norm 3.628839764588e-10 
  280 KSP Residual norm 3.459264639678e-10 
  281 KSP Residual norm 3.271749836136e-10 
  282 KSP Residual norm 3.119312175963e-10 
  283 KSP Residual norm 2.985298948699e-10 
  284 KSP Residual norm 2.875515037065e-10 
  285 KSP Residual norm 2.793326183324e-10 
  286 KSP Residual norm 2.738233362010e-10 
  287 KSP Residual norm 2.686406572171e-10 
  288 KSP Residual norm 2.638908559308e-10 
  289 KSP Residual norm 2.589475919703e-10 
  290 KSP Residual norm 2.543887905184e-10 
  291 KSP Residual norm 2.491602855879e-10 
  292 KSP Residual norm 2.445561796839e-10 
  293 KSP Residual norm 2.388388792580e-10 
  294 KSP Residual norm 2.337707956217e-10 
  295 KSP Residual norm 2.288647687232e-10 
  296 KSP Residual norm 2.231095016326e-10 
  297 KSP Residual norm 2.166032376338e-10 
  298 KSP Residual norm 2.087122226884e-10 
  299 KSP Residual norm 1.981225834559e-10 
  300 KSP Residual norm 1.838947398071e-10 
  301 KSP Residual norm 1.766658040154e-10 
  302 KSP Residual norm 1.705363660804e-10 
  303 KSP Residual norm 1.673772127219e-10 
  304 KSP Residual norm 1.657034119175e-10 
  305 KSP Residual norm 1.641176234961e-10 
  306 KSP Residual norm 1.617967897278e-10 
  307 KSP Residual norm 1.587615882856e-10 
  308 KSP Residual norm 1.553983864198e-10 
  309 KSP Residual norm 1.521667860814e-10 
  310 KSP Residual norm 1.495440418415e-10 
  311 KSP Residual norm 1.465963259801e-10 
  312 KSP Residual norm 1.438179122329e-10 
  313 KSP Residual norm 1.411402160700e-10 
  314 KSP Residual norm 1.391838077781e-10 
  315 KSP Residual norm 1.376101196156e-10 
  316 KSP Residual norm 1.359951272350e-10 
  317 KSP Residual norm 1.337016067600e-10 
  318 KSP Residual norm 1.295384758503e-10 
  319 KSP Residual norm 1.242299653938e-10 
  320 KSP Residual norm 1.188028032505e-10 
  321 KSP Residual norm 1.131695448398e-10 
  322 KSP Residual norm 1.090778929385e-10 
  323 KSP Residual norm 1.055629374166e-10 
  324 KSP Residual norm 1.023186856813e-10 
  325 KSP Residual norm 9.901762368716e-11 
  326 KSP Residual norm 9.535177442158e-11 
  327 KSP Residual norm 9.152519180232e-11 
  328 KSP Residual norm 8.940517757422e-11 
  329 KSP Residual norm 8.715501983498e-11 
  330 KSP Residual norm 8.527976353057e-11 
  331 KSP Residual norm 8.436666340345e-11 
  332 KSP Residual norm 8.337524776081e-11 
  333 KSP Residual norm 8.215406577085e-11 
  334 KSP Residual norm 8.092996171257e-11 
  335 KSP Residual norm 7.972805848337e-11 
  336 KSP Residual norm 7.863890420907e-11 
  337 KSP Residual norm 7.767922736800e-11 
  338 KSP Residual norm 7.676015631992e-11 
  339 KSP Residual norm 7.585659118374e-11 
  340 KSP Residual norm 7.475340583927e-11 
  341 KSP Residual norm 7.283937269839e-11 
  342 KSP Residual norm 7.027978602819e-11 
  343 KSP Residual norm 6.753476005189e-11 
  344 KSP Residual norm 6.441948181671e-11 
  345 KSP Residual norm 6.150685360890e-11 
  346 KSP Residual norm 5.911913345590e-11 
  347 KSP Residual norm 5.736098231284e-11 
  348 KSP Residual norm 5.578347418962e-11 
  349 KSP Residual norm 5.394505315369e-11 
  350 KSP Residual norm 5.187502446960e-11 
  351 KSP Residual norm 5.007037971224e-11 
  352 KSP Residual norm 4.854891082922e-11 
  353 KSP Residual norm 4.718783433924e-11 
  354 KSP Residual norm 4.574521925195e-11 
  355 KSP Residual norm 4.420897989418e-11 
  356 KSP Residual norm 4.242124178489e-11 
  357 KSP Residual norm 4.057686068342e-11 
  358 KSP Residual norm 3.861644969919e-11 
  359 KSP Residual norm 3.719683352617e-11 
  360 KSP Residual norm 3.613344768810e-11 
  361 KSP Residual norm 3.558958477599e-11 
  362 KSP Residual norm 3.518343264495e-11 
  363 KSP Residual norm 3.491297137018e-11 
  364 KSP Residual norm 3.473969984645e-11 
  365 KSP Residual norm 3.454942901106e-11 
  366 KSP Residual norm 3.443471886103e-11 
  367 KSP Residual norm 3.438884132483e-11 
  368 KSP Residual norm 3.434573997416e-11 
  369 KSP Residual norm 3.426222897082e-11 
  370 KSP Residual norm 3.415508545164e-11 
  371 KSP Residual norm 3.405620918328e-11 
  372 KSP Residual norm 3.382482541254e-11 
  373 KSP Residual norm 3.345479435035e-11 
  374 KSP Residual norm 3.288202955350e-11 
  375 KSP Residual norm 3.224002371857e-11 
  376 KSP Residual norm 3.153918600470e-11 
  377 KSP Residual norm 3.092391310908e-11 
  378 KSP Residual norm 3.042227465436e-11 
  379 KSP Residual norm 2.995792324840e-11 
  380 KSP Residual norm 2.943018245873e-11 
  381 KSP Residual norm 2.863042745675e-11 
  382 KSP Residual norm 2.754954139749e-11 
  383 KSP Residual norm 2.633428678516e-11 
  384 KSP Residual norm 2.520631122872e-11 
  385 KSP Residual norm 2.420932836384e-11 
  386 KSP Residual norm 2.305692423576e-11 
  387 KSP Residual norm 2.224277202589e-11 
  388 KSP Residual norm 2.157555087366e-11 
  389 KSP Residual norm 2.094092724695e-11 
  390 KSP Residual norm 2.025919295220e-11 
  391 KSP Residual norm 1.996130071902e-11 
  392 KSP Residual norm 1.961358995792e-11 
  393 KSP Residual norm 1.932720710014e-11 
  394 KSP Residual norm 1.893728346510e-11 
  2 SNES Function norm 1.708555743995e-11 
SNES Object: 16 MPI processes
  type: newtonls
  maximum iterations=50, maximum function evaluations=10000
  tolerances: relative=1e-08, absolute=1e-50, solution=1e-08
  total number of linear solver iterations=673
  total number of function evaluations=3
  SNESLineSearch Object:   16 MPI processes
    type: bt
      interpolation: cubic
      alpha=1.000000e-04
    maxstep=1.000000e+08, minlambda=1.000000e-12
    tolerances: relative=1.000000e-08, absolute=1.000000e-15, lambda=1.000000e-08
    maximum iterations=40
  KSP Object:   16 MPI processes
    type: gmres
      GMRES: restart=30, using Classical (unmodified) Gram-Schmidt Orthogonalization with no iterative refinement
      GMRES: happy breakdown tolerance 1e-30
    maximum iterations=10000, initial guess is zero
    tolerances:  relative=1e-05, absolute=1e-50, divergence=10000
    left preconditioning
    using PRECONDITIONED norm type for convergence test
  PC Object:   16 MPI processes
    type: bjacobi
      block Jacobi: number of blocks = 16
      Local solve is same for all blocks, in the following KSP and PC objects:
    KSP Object:    (sub_)     1 MPI processes
      type: preonly
      maximum iterations=10000, initial guess is zero
      tolerances:  relative=1e-05, absolute=1e-50, divergence=10000
      left preconditioning
      using NONE norm type for convergence test
    PC Object:    (sub_)     1 MPI processes
      type: ilu
        ILU: out-of-place factorization
        0 levels of fill
        tolerance for zero pivot 2.22045e-14
        using diagonal shift on blocks to prevent zero pivot
        matrix ordering: natural
        factor fill ratio given 1, needed 1
          Factored matrix follows:
            Matrix Object:             1 MPI processes
              type: seqaij
              rows=2048, cols=2048, bs=4
              package used to perform factorization: petsc
              total: nonzeros=39424, allocated nonzeros=39424
              total number of mallocs used during MatSetValues calls =0
                using I-node routines: found 512 nodes, limit used is 5
      linear system matrix = precond matrix:
      Matrix Object:       1 MPI processes
        type: seqaij
        rows=2048, cols=2048, bs=4
        total: nonzeros=39424, allocated nonzeros=39424
        total number of mallocs used during MatSetValues calls =0
          using I-node routines: found 512 nodes, limit used is 5
    linear system matrix = precond matrix:
    Matrix Object:     16 MPI processes
      type: mpiaij
      rows=32768, cols=32768, bs=4
      total: nonzeros=649216, allocated nonzeros=649216
      total number of mallocs used during MatSetValues calls =0
Number of SNES iterations = 2
