lid velocity = 0.0625, prandtl # = 1, grashof # = 1
Number of SNES iterations = 2
************************************************************************************************************************
***             WIDEN YOUR WINDOW TO 120 CHARACTERS.  Use 'enscript -r -fCourier9' to print this document            ***
************************************************************************************************************************

---------------------------------------------- PETSc Performance Summary: ----------------------------------------------

ex19 on a arch-fastmath named Q02-I1-J07.vesta.itd with 4 processors, by balay Wed Jul 31 22:20:31 2013
Using Petsc Release Version 3.4.2, unknown 

                         Max       Max/Min        Avg      Total 
Time (sec):           3.946e-02      1.00000   3.946e-02
Objects:              1.050e+02      1.00000   1.050e+02
Flops:                7.888e+04      1.00000   7.888e+04  3.155e+05
Flops/sec:            1.999e+06      1.00000   1.999e+06  7.997e+06
MPI Messages:         2.110e+02      1.00238   2.108e+02  8.430e+02
MPI Message Lengths:  1.068e+04      1.00019   5.069e+01  4.273e+04
MPI Reductions:       2.760e+02      1.00000

Flop counting convention: 1 flop = 1 real number operation of type (multiply/divide/add/subtract)
                            e.g., VecAXPY() for real vectors of length N --> 2N flops
                            and VecAXPY() for complex vectors of length N --> 8N flops

Summary of Stages:   ----- Time ------  ----- Flops -----  --- Messages ---  -- Message Lengths --  -- Reductions --
                        Avg     %Total     Avg     %Total   counts   %Total     Avg         %Total   counts   %Total 
 0:      Main Stage: 3.9453e-02 100.0%  3.1553e+05 100.0%  8.430e+02 100.0%  5.069e+01      100.0%  2.750e+02  99.6% 

------------------------------------------------------------------------------------------------------------------------
See the 'Profiling' chapter of the users' manual for details on interpreting output.
Phase summary info:
   Count: number of times phase was executed
   Time and Flops: Max - maximum over all processors
                   Ratio - ratio of maximum to minimum over all processors
   Mess: number of messages sent
   Avg. len: average message length (bytes)
   Reduct: number of global reductions
   Global: entire computation
   Stage: stages of a computation. Set stages with PetscLogStagePush() and PetscLogStagePop().
      %T - percent time in this phase         %f - percent flops in this phase
      %M - percent messages in this phase     %L - percent message lengths in this phase
      %R - percent reductions in this phase
   Total Mflop/s: 10e-6 * (sum of flops over all processors)/(max time over all processors)
------------------------------------------------------------------------------------------------------------------------
Event                Count      Time (sec)     Flops                             --- Global ---  --- Stage ---   Total
                   Max Ratio  Max     Ratio   Max  Ratio  Mess   Avg len Reduct  %T %f %M %L %R  %T %f %M %L %R Mflop/s
------------------------------------------------------------------------------------------------------------------------

--- Event Stage 0: Main Stage

SNESSolve              1 1.0 2.7919e-02 1.0 7.89e+04 1.0 8.1e+02 5.2e+01 2.3e+02 71100 96 99 85  71100 96 99 85    11
SNESFunctionEval       3 1.0 2.3198e-04 1.0 1.01e+03 1.0 2.4e+01 4.0e+01 2.0e+00  1  1  3  2  1   1  1  3  2  1    17
SNESJacobianEval       2 1.0 7.4699e-03 1.0 1.54e+04 1.0 3.7e+02 4.0e+01 7.9e+01 19 20 44 35 29  19 20 44 35 29     8
SNESLineSearch         2 1.0 5.3501e-04 1.0 2.01e+03 1.0 3.2e+01 5.2e+01 8.0e+00  1  3  4  4  3   1  3  4  4  3    15
VecDot                 2 1.0 6.0081e-05 1.0 6.20e+01 1.0 0.0e+00 0.0e+00 2.0e+00  0  0  0  0  1   0  0  0  0  1     4
VecMDot               34 1.0 1.0810e-03 1.0 5.15e+03 1.0 0.0e+00 0.0e+00 3.4e+01  3  7  0  0 12   3  7  0  0 12    19
VecNorm               43 1.0 1.2057e-03 1.0 1.38e+03 1.0 0.0e+00 0.0e+00 4.3e+01  3  2  0  0 16   3  2  0  0 16     5
VecScale              54 1.0 1.7881e-04 1.1 8.64e+02 1.0 0.0e+00 0.0e+00 0.0e+00  0  1  0  0  0   0  1  0  0  0    19
VecCopy               80 1.0 2.4915e-04 1.0 0.00e+00 0.0 0.0e+00 0.0e+00 0.0e+00  1  0  0  0  0   1  0  0  0  0     0
VecSet                44 1.0 1.0300e-04 1.0 0.00e+00 0.0 0.0e+00 0.0e+00 0.0e+00  0  0  0  0  0   0  0  0  0  0     0
VecAXPY               76 1.0 1.9526e-04 1.1 2.43e+03 1.0 0.0e+00 0.0e+00 0.0e+00  0  3  0  0  0   0  3  0  0  0    50
VecAYPX               32 1.0 7.2956e-05 1.0 7.68e+02 1.0 0.0e+00 0.0e+00 0.0e+00  0  1  0  0  0   0  1  0  0  0    42
VecWAXPY               2 1.0 5.9605e-06 1.0 3.20e+01 1.0 0.0e+00 0.0e+00 0.0e+00  0  0  0  0  0   0  0  0  0  0    21
VecMAXPY              38 1.0 1.5998e-04 1.0 6.40e+03 1.0 0.0e+00 0.0e+00 0.0e+00  0  8  0  0  0   0  8  0  0  0   160
VecScatterBegin       99 1.0 1.5190e-03 1.0 0.00e+00 0.0 7.9e+02 5.3e+01 0.0e+00  4  0 94 98  0   4  0 94 98  0     0
VecScatterEnd         99 1.0 1.6575e-03 1.0 0.00e+00 0.0 0.0e+00 0.0e+00 0.0e+00  4  0  0  0  0   4  0  0  0  0     0
VecReduceArith         5 1.0 1.8358e-05 1.1 1.55e+02 1.0 0.0e+00 0.0e+00 0.0e+00  0  0  0  0  0   0  0  0  0  0    34
VecReduceComm          3 1.0 8.8215e-05 1.0 0.00e+00 0.0 0.0e+00 0.0e+00 3.0e+00  0  0  0  0  1   0  0  0  0  1     0
VecNormalize          38 1.0 1.4391e-03 1.0 1.82e+03 1.0 0.0e+00 0.0e+00 3.8e+01  4  2  0  0 14   4  2  0  0 14     5
MatMult               52 1.0 2.3212e-03 1.0 2.58e+04 1.0 4.2e+02 6.4e+01 0.0e+00  6 33 49 62  0   6 33 49 62  0    44
MatSOR                54 1.0 4.9019e-04 1.0 2.07e+04 1.0 0.0e+00 0.0e+00 0.0e+00  1 26  0  0  0   1 26  0  0  0   169
MatAssemblyBegin       3 1.0 2.4486e-04 1.1 0.00e+00 0.0 0.0e+00 0.0e+00 6.0e+00  1  0  0  0  2   1  0  0  0  2     0
MatAssemblyEnd         3 1.0 5.7411e-04 1.0 0.00e+00 0.0 1.6e+01 1.8e+01 8.0e+00  1  0  2  1  3   1  0  2  1  3     0
MatZeroEntries         2 1.0 1.0967e-05 1.1 0.00e+00 0.0 0.0e+00 0.0e+00 0.0e+00  0  0  0  0  0   0  0  0  0  0     0
MatFDColorCreate       1 1.0 3.7689e-03 1.0 0.00e+00 0.0 1.6e+01 1.8e+01 7.1e+01 10  0  2  1 26  10  0  2  1 26     0
MatFDColorApply        2 1.0 3.5701e-03 1.0 1.54e+04 1.0 3.5e+02 4.1e+01 7.0e+00  9 20 42 34  3   9 20 42 34  3    17
MatFDColorFunc        42 1.0 2.1744e-03 1.0 1.41e+04 1.0 3.4e+02 4.0e+01 0.0e+00  5 18 40 31  0   5 18 40 31  0    26
KSPGMRESOrthog        34 1.0 1.4298e-03 1.0 1.05e+04 1.0 0.0e+00 0.0e+00 3.4e+01  4 13  0  0 12   4 13  0  0 12    29
KSPSetUp               5 1.0 2.5749e-03 1.0 0.00e+00 0.0 0.0e+00 0.0e+00 2.8e+01  7  0  0  0 10   7  0  0  0 10     0
KSPSolve               2 1.0 1.9265e-02 1.0 6.11e+04 1.0 4.0e+02 6.4e+01 1.4e+02 49 77 47 60 51  49 77 47 60 51    13
PCSetUp                2 1.0 1.7490e-03 1.0 0.00e+00 0.0 0.0e+00 0.0e+00 8.0e+00  4  0  0  0  3   4  0  0  0  3     0
PCApply               16 1.0 1.3191e-02 1.0 4.93e+04 1.0 2.9e+02 6.4e+01 7.2e+01 33 63 34 43 26  33 63 34 43 26    15
------------------------------------------------------------------------------------------------------------------------

Memory usage is given in bytes:

Object Type          Creations   Destructions     Memory  Descendants' Mem.
Reports information only for process 0.

--- Event Stage 0: Main Stage

                SNES     1              1         1308     0
      SNESLineSearch     1              1          856     0
              DMSNES     1              1          664     0
              Vector    51             51        84792     0
      Vector Scatter     4              4         4208     0
              Matrix     3              3        11420     0
  Matrix FD Coloring     1              1         3404     0
    Distributed Mesh     1              1         5124     0
     Bipartite Graph     2              2         1584     0
           Index Set    29             29        22240     0
   IS L to G Mapping     3              3         1884     0
       Krylov Solver     3              3        49792     0
     DMKSP interface     1              1          648     0
      Preconditioner     3              3         2616     0
              Viewer     1              0            0     0
========================================================================================================================
Average time to get PetscTime(): 7.15256e-07
Average time for MPI_Barrier(): 2.00272e-06
Average time for zero size MPI_Send(): 7.98702e-06
#PETSc Option Table entries:
-dm_refine 6
-log_summary
-pc_type mg
#End of PETSc Option Table entries
Compiled without FORTRAN kernels
Compiled with full precision matrices (default)
sizeof(short) 2 sizeof(int) 4 sizeof(long) 8 sizeof(void*) 8 sizeof(PetscScalar) 8 sizeof(PetscInt) 4
Configure run at: Wed Jul 31 16:13:30 2013
Configure options: PETSC_ARCH=arch-fastmath --prefix=/gpfs/vesta-fs0/projects/FASTMath/install/petsc/3.4.2.1/linux-rhel_6-ppc64-gcc-4.4.6 --with-cmake=/gpfs/vesta-fs0/projects/FASTMath/install/cmake/2.8.11.1/linux-rhel_6-ppc64-gcc-4.4.6/bin/cmake --with-blas-lib=/gpfs/vesta-fs0/projects/FASTMath/install/blas/19Apr11/linux-rhel_6-ppc64-gcc-4.4.6/lib/libblas.a --with-lapack-lib=/gpfs/vesta-fs0/projects/FASTMath/install/lapack/3.4.2/linux-rhel_6-ppc64-gcc-4.4.6/lib/liblapack.a --with-metis-dir=/gpfs/vesta-fs0/projects/FASTMath/install/metis/5.1.0/linux-rhel_6-ppc64-gcc-4.4.6 --with-parmetis-dir=/gpfs/vesta-fs0/projects/FASTMath/install/parmetis/4.0.3/linux-rhel_6-ppc64-gcc-4.4.6 --with-hdf5-dir=/gpfs/vesta-fs0/projects/FASTMath/install/hdf5/1.8.11/linux-rhel_6-ppc64-gcc-4.4.6 --with-superlu_dist-include=/gpfs/vesta-fs0/projects/FASTMath/install/superlu/dist-3.3/linux-rhel_6-ppc64-gcc-4.4.6/include --with-superlu_dist-lib="-L/gpfs/vesta-fs0/projects/FASTMath/install/superlu/dist-3.3/linux-rhel_6-ppc64-gcc-4.4.6/lib -lsuperlu" --with-zoltan-dir=/gpfs/vesta-fs0/projects/FASTMath/install/zoltan/trilinos-11.2.4/linux-rhel_6-ppc64-gcc-4.4.6 --with-moab-include=/gpfs/vesta-fs0/projects/FASTMath/install/moab/4.6.0/linux-rhel_6-ppc64-gcc-4.4.6/include --with-moab-lib="-L/gpfs/vesta-fs0/projects/FASTMath/install/moab/4.6.0/linux-rhel_6-ppc64-gcc-4.4.6/lib -lMOAB -L/gpfs/vesta-fs0/projects/FASTMath/install/cgma/12.2.0/linux-rhel_6-ppc64-gcc-4.4.6/lib -lcgm -L/gpfs/vesta-fs0/projects/FASTMath/install/zoltan/trilinos-11.2.4/linux-rhel_6-ppc64-gcc-4.4.6/lib -lzoltan -L/gpfs/vesta-fs0/projects/FASTMath/install/parmetis/4.0.3/linux-rhel_6-ppc64-gcc-4.4.6/lib -lparmetis -lmetis -L/gpfs/vesta-fs0/projects/FASTMath/install/hdf5/1.8.11/linux-rhel_6-ppc64-gcc-4.4.6/lib -lhdf5" --with-ml-include=/gpfs/vesta-fs0/projects/FASTMath/install/ml/trilinos-11.2.4/linux-rhel_6-ppc64-gcc-4.4.6/include --with-ml-lib="-L/gpfs/vesta-fs0/projects/FASTMath/install/ml/trilinos-11.2.4/linux-rhel_6-ppc64-gcc-4.4.6/lib -lml -L/gpfs/vesta-fs0/projects/FASTMath/install/parmetis/4.0.3/linux-rhel_6-ppc64-gcc-4.4.6/lib -lparmetis -lmetis" --with-hypre-dir=/gpfs/vesta-fs0/projects/FASTMath/install/hypre/2.9.2a/linux-rhel_6-ppc64-gcc-4.4.6 --with-netcdf-dir=/gpfs/vesta-fs0/projects/FASTMath/install/netcdf/4.3.0/linux-rhel_6-ppc64-gcc-4.4.6 --download-chaco --download-exodusii --with-shared-libraries=0 --with-debugging=0 COPTFLAGS="-g -O2" FOPTFLAGS="-g -O2" CXXOPTFLAGS="-g -O2" --with-etags=0
-----------------------------------------
Libraries compiled on Wed Jul 31 16:13:30 2013 on vestalac1 
Machine characteristics: Linux-2.6.32-358.6.2.el6.ppc64-ppc64-with-redhat-6.3-Santiago
Using PETSc directory: /home/balay/petsc
Using PETSc arch: arch-fastmath
-----------------------------------------

Using C compiler: mpicc  -Wall -Wwrite-strings -Wno-strict-aliasing -Wno-unknown-pragmas -g -O2  ${COPTFLAGS} ${CFLAGS}
Using Fortran compiler: mpif90  -Wall -Wno-unused-variable -g -O2   ${FOPTFLAGS} ${FFLAGS} 
-----------------------------------------

Using include paths: -I/home/balay/petsc/arch-fastmath/include -I/home/balay/petsc/include -I/home/balay/petsc/include -I/home/balay/petsc/arch-fastmath/include -I/gpfs/vesta-fs0/projects/FASTMath/install/superlu/dist-3.3/linux-rhel_6-ppc64-gcc-4.4.6/include -I/gpfs/vesta-fs0/projects/FASTMath/install/hypre/2.9.2a/linux-rhel_6-ppc64-gcc-4.4.6/include -I/gpfs/vesta-fs0/projects/FASTMath/install/ml/trilinos-11.2.4/linux-rhel_6-ppc64-gcc-4.4.6/include -I/gpfs/vesta-fs0/projects/FASTMath/install/zoltan/trilinos-11.2.4/linux-rhel_6-ppc64-gcc-4.4.6/include -I/gpfs/vesta-fs0/projects/FASTMath/install/parmetis/4.0.3/linux-rhel_6-ppc64-gcc-4.4.6/include -I/gpfs/vesta-fs0/projects/FASTMath/install/metis/5.1.0/linux-rhel_6-ppc64-gcc-4.4.6/include -I/gpfs/vesta-fs0/projects/FASTMath/install/moab/4.6.0/linux-rhel_6-ppc64-gcc-4.4.6/include -I/gpfs/vesta-fs0/projects/FASTMath/install/netcdf/4.3.0/linux-rhel_6-ppc64-gcc-4.4.6/include -I/gpfs/vesta-fs0/projects/FASTMath/install/hdf5/1.8.11/linux-rhel_6-ppc64-gcc-4.4.6/include -I/bgsys/drivers/V1R2M0/ppc64 -I/bgsys/drivers/V1R2M0/ppc64/comm/sys/include -I/bgsys/drivers/V1R2M0/ppc64/spi/include -I/bgsys/drivers/V1R2M0/ppc64/spi/include/kernel/cnk -I/bgsys/drivers/V1R2M0/ppc64/comm/gcc/include
-----------------------------------------

Using C linker: mpicc
Using Fortran linker: mpif90
Using libraries: -Wl,-rpath,/home/balay/petsc/arch-fastmath/lib -L/home/balay/petsc/arch-fastmath/lib -lpetsc -L/gpfs/vesta-fs0/projects/FASTMath/install/superlu/dist-3.3/linux-rhel_6-ppc64-gcc-4.4.6/lib -lsuperlu -Wl,-rpath,/gpfs/vesta-fs0/projects/FASTMath/install/hypre/2.9.2a/linux-rhel_6-ppc64-gcc-4.4.6/lib -L/gpfs/vesta-fs0/projects/FASTMath/install/hypre/2.9.2a/linux-rhel_6-ppc64-gcc-4.4.6/lib -lHYPRE -L/bgsys/drivers/V1R2M0/ppc64/spi/lib -L/bgsys/drivers/V1R2M0/ppc64/comm/sys/lib -L/bgsys/drivers/V1R2M0/ppc64/comm/gcc/lib -L/bgsys/drivers/toolchain/V1R2M0-efix23/gnu-linux/lib/gcc/powerpc64-bgq-linux/4.4.6 -L/bgsys/drivers/toolchain/V1R2M0-efix23/gnu-linux/lib/gcc -L/bgsys/drivers/toolchain/V1R2M0-efix23/gnu-linux/powerpc64-bgq-linux/lib -Wl,-rpath,/bgsys/drivers/V1R2M0/ppc64/comm/gcc/lib -lcxxmpich -L/gpfs/vesta-fs0/projects/FASTMath/install/ml/trilinos-11.2.4/linux-rhel_6-ppc64-gcc-4.4.6/lib -lml -L/gpfs/vesta-fs0/projects/FASTMath/install/parmetis/4.0.3/linux-rhel_6-ppc64-gcc-4.4.6/lib -lparmetis -lmetis -Wl,-rpath,/gpfs/vesta-fs0/projects/FASTMath/install/lapack/3.4.2/linux-rhel_6-ppc64-gcc-4.4.6/lib -L/gpfs/vesta-fs0/projects/FASTMath/install/lapack/3.4.2/linux-rhel_6-ppc64-gcc-4.4.6/lib -llapack -Wl,-rpath,/gpfs/vesta-fs0/projects/FASTMath/install/blas/19Apr11/linux-rhel_6-ppc64-gcc-4.4.6/lib -L/gpfs/vesta-fs0/projects/FASTMath/install/blas/19Apr11/linux-rhel_6-ppc64-gcc-4.4.6/lib -lblas -Wl,-rpath,/gpfs/vesta-fs0/projects/FASTMath/install/zoltan/trilinos-11.2.4/linux-rhel_6-ppc64-gcc-4.4.6/lib -L/gpfs/vesta-fs0/projects/FASTMath/install/zoltan/trilinos-11.2.4/linux-rhel_6-ppc64-gcc-4.4.6/lib -lzoltan -Wl,-rpath,/home/balay/petsc/arch-fastmath/lib -L/home/balay/petsc/arch-fastmath/lib -lchaco -Wl,-rpath,/gpfs/vesta-fs0/projects/FASTMath/install/parmetis/4.0.3/linux-rhel_6-ppc64-gcc-4.4.6/lib -lparmetis -Wl,-rpath,/gpfs/vesta-fs0/projects/FASTMath/install/metis/5.1.0/linux-rhel_6-ppc64-gcc-4.4.6/lib -L/gpfs/vesta-fs0/projects/FASTMath/install/metis/5.1.0/linux-rhel_6-ppc64-gcc-4.4.6/lib -lmetis -lpthread -lexoIIv2for -lexodus -L/gpfs/vesta-fs0/projects/FASTMath/install/moab/4.6.0/linux-rhel_6-ppc64-gcc-4.4.6/lib -lMOAB -L/gpfs/vesta-fs0/projects/FASTMath/install/cgma/12.2.0/linux-rhel_6-ppc64-gcc-4.4.6/lib -lcgm -lzoltan -lparmetis -lmetis -L/gpfs/vesta-fs0/projects/FASTMath/install/hdf5/1.8.11/linux-rhel_6-ppc64-gcc-4.4.6/lib -lhdf5 -Wl,-rpath,/gpfs/vesta-fs0/projects/FASTMath/install/netcdf/4.3.0/linux-rhel_6-ppc64-gcc-4.4.6/lib -L/gpfs/vesta-fs0/projects/FASTMath/install/netcdf/4.3.0/linux-rhel_6-ppc64-gcc-4.4.6/lib -lnetcdf -Wl,-rpath,/gpfs/vesta-fs0/projects/FASTMath/install/hdf5/1.8.11/linux-rhel_6-ppc64-gcc-4.4.6/lib -lhdf5_hl -lhdf5 -lm -lmpichf90 -lgfortran -lm -lm -lcxxmpich -ldl -lmpich -lopa -lmpl -lpami -lSPI -lSPI_cnk -lrt -lpthread -lstdc++ -lgcc_eh -lnss_files -lnss_dns -lresolv -ldl 
-----------------------------------------

